CREATE TABLE "django_migrations" ("id" integer NOT NULL PRIMARY KEY AUTOINCREMENT, "app" varchar(255) NOT NULL, "name" varchar(255) NOT NULL, "applied" datetime NOT NULL); (params None)
CREATE TABLE "django_content_type" ("id" integer NOT NULL PRIMARY KEY AUTOINCREMENT, "name" varchar(100) NOT NULL, "app_label" varchar(100) NOT NULL, "model" varchar(100) NOT NULL); (params None)
CREATE UNIQUE INDEX "django_content_type_app_label_model_76bd3d3b_uniq" ON "django_content_type" ("app_label", "model"); (params ())
CREATE TABLE "auth_permission" ("id" integer NOT NULL PRIMARY KEY AUTOINCREMENT, "name" varchar(50) NOT NULL, "content_type_id" integer NOT NULL REFERENCES "django_content_type" ("id") DEFERRABLE INITIALLY DEFERRED, "codename" varchar(100) NOT NULL); (params None)
CREATE TABLE "auth_group" ("id" integer NOT NULL PRIMARY KEY AUTOINCREMENT, "name" varchar(80) NOT NULL UNIQUE); (params None)
CREATE TABLE "auth_group_permissions" ("id" integer NOT NULL PRIMARY KEY AUTOINCREMENT, "group_id" integer NOT NULL REFERENCES "auth_group" ("id") DEFERRABLE INITIALLY DEFERRED, "permission_id" integer NOT NULL REFERENCES "auth_permission" ("id") DEFERRABLE INITIALLY DEFERRED); (params None)
CREATE TABLE "auth_user" ("id" integer NOT NULL PRIMARY KEY AUTOINCREMENT, "password" varchar(128) NOT NULL, "last_login" datetime NOT NULL, "is_superuser" bool NOT NULL, "username" varchar(30) NOT NULL UNIQUE, "first_name" varchar(30) NOT NULL, "last_name" varchar(30) NOT NULL, "email" varchar(75) NOT NULL, "is_staff" bool NOT NULL, "is_active" bool NOT NULL, "date_joined" datetime NOT NULL); (params None)
CREATE TABLE "auth_user_groups" ("id" integer NOT NULL PRIMARY KEY AUTOINCREMENT, "user_id" integer NOT NULL REFERENCES "auth_user" ("id") DEFERRABLE INITIALLY DEFERRED, "group_id" integer NOT NULL REFERENCES "auth_group" ("id") DEFERRABLE INITIALLY DEFERRED); (params None)
CREATE TABLE "auth_user_user_permissions" ("id" integer NOT NULL PRIMARY KEY AUTOINCREMENT, "user_id" integer NOT NULL REFERENCES "auth_user" ("id") DEFERRABLE INITIALLY DEFERRED, "permission_id" integer NOT NULL REFERENCES "auth_permission" ("id") DEFERRABLE INITIALLY DEFERRED); (params None)
CREATE UNIQUE INDEX "auth_permission_content_type_id_codename_01ab375a_uniq" ON "auth_permission" ("content_type_id", "codename"); (params None)
CREATE INDEX "auth_permission_content_type_id_2f476e4b" ON "auth_permission" ("content_type_id"); (params None)
CREATE UNIQUE INDEX "auth_group_permissions_group_id_permission_id_0cd325b0_uniq" ON "auth_group_permissions" ("group_id", "permission_id"); (params None)
CREATE INDEX "auth_group_permissions_group_id_b120cbf9" ON "auth_group_permissions" ("group_id"); (params None)
CREATE INDEX "auth_group_permissions_permission_id_84c5c92e" ON "auth_group_permissions" ("permission_id"); (params None)
CREATE UNIQUE INDEX "auth_user_groups_user_id_group_id_94350c0c_uniq" ON "auth_user_groups" ("user_id", "group_id"); (params None)
CREATE INDEX "auth_user_groups_user_id_6a12ed8b" ON "auth_user_groups" ("user_id"); (params None)
CREATE INDEX "auth_user_groups_group_id_97559544" ON "auth_user_groups" ("group_id"); (params None)
CREATE UNIQUE INDEX "auth_user_user_permissions_user_id_permission_id_14a6b632_uniq" ON "auth_user_user_permissions" ("user_id", "permission_id"); (params None)
CREATE INDEX "auth_user_user_permissions_user_id_a95ead1b" ON "auth_user_user_permissions" ("user_id"); (params None)
CREATE INDEX "auth_user_user_permissions_permission_id_1fbb5f2c" ON "auth_user_user_permissions" ("permission_id"); (params None)
CREATE TABLE "django_admin_log" ("id" integer NOT NULL PRIMARY KEY AUTOINCREMENT, "action_time" datetime NOT NULL, "object_id" text NULL, "object_repr" varchar(200) NOT NULL, "action_flag" smallint unsigned NOT NULL CHECK ("action_flag" >= 0), "change_message" text NOT NULL, "content_type_id" integer NULL REFERENCES "django_content_type" ("id") DEFERRABLE INITIALLY DEFERRED, "user_id" integer NOT NULL REFERENCES "auth_user" ("id") DEFERRABLE INITIALLY DEFERRED); (params None)
CREATE INDEX "django_admin_log_content_type_id_c4bce8eb" ON "django_admin_log" ("content_type_id"); (params None)
CREATE INDEX "django_admin_log_user_id_c564eba6" ON "django_admin_log" ("user_id"); (params None)
CREATE TABLE "new__django_admin_log" ("id" integer NOT NULL PRIMARY KEY AUTOINCREMENT, "object_id" text NULL, "object_repr" varchar(200) NOT NULL, "action_flag" smallint unsigned NOT NULL CHECK ("action_flag" >= 0), "change_message" text NOT NULL, "content_type_id" integer NULL REFERENCES "django_content_type" ("id") DEFERRABLE INITIALLY DEFERRED, "user_id" integer NOT NULL REFERENCES "auth_user" ("id") DEFERRABLE INITIALLY DEFERRED, "action_time" datetime NOT NULL); (params None)
INSERT INTO "new__django_admin_log" ("id", "object_id", "object_repr", "action_flag", "change_message", "content_type_id", "user_id", "action_time") SELECT "id", "object_id", "object_repr", "action_flag", "change_message", "content_type_id", "user_id", "action_time" FROM "django_admin_log"; (params ())
DROP TABLE "django_admin_log"; (params ())
ALTER TABLE "new__django_admin_log" RENAME TO "django_admin_log"; (params ())
CREATE INDEX "django_admin_log_content_type_id_c4bce8eb" ON "django_admin_log" ("content_type_id"); (params ())
CREATE INDEX "django_admin_log_user_id_c564eba6" ON "django_admin_log" ("user_id"); (params ())
CREATE TABLE "new__django_content_type" ("id" integer NOT NULL PRIMARY KEY AUTOINCREMENT, "app_label" varchar(100) NOT NULL, "model" varchar(100) NOT NULL, "name" varchar(100) NULL); (params None)
INSERT INTO "new__django_content_type" ("id", "app_label", "model", "name") SELECT "id", "app_label", "model", "name" FROM "django_content_type"; (params ())
DROP TABLE "django_content_type"; (params ())
ALTER TABLE "new__django_content_type" RENAME TO "django_content_type"; (params ())
CREATE UNIQUE INDEX "django_content_type_app_label_model_76bd3d3b_uniq" ON "django_content_type" ("app_label", "model"); (params ())
ALTER TABLE "django_content_type" DROP COLUMN "name"; (params ())
CREATE TABLE "new__auth_permission" ("id" integer NOT NULL PRIMARY KEY AUTOINCREMENT, "content_type_id" integer NOT NULL REFERENCES "django_content_type" ("id") DEFERRABLE INITIALLY DEFERRED, "codename" varchar(100) NOT NULL, "name" varchar(255) NOT NULL); (params None)
INSERT INTO "new__auth_permission" ("id", "content_type_id", "codename", "name") SELECT "id", "content_type_id", "codename", "name" FROM "auth_permission"; (params ())
DROP TABLE "auth_permission"; (params ())
ALTER TABLE "new__auth_permission" RENAME TO "auth_permission"; (params ())
CREATE UNIQUE INDEX "auth_permission_content_type_id_codename_01ab375a_uniq" ON "auth_permission" ("content_type_id", "codename"); (params ())
CREATE INDEX "auth_permission_content_type_id_2f476e4b" ON "auth_permission" ("content_type_id"); (params ())
CREATE TABLE "new__auth_user" ("id" integer NOT NULL PRIMARY KEY AUTOINCREMENT, "password" varchar(128) NOT NULL, "last_login" datetime NOT NULL, "is_superuser" bool NOT NULL, "username" varchar(30) NOT NULL UNIQUE, "first_name" varchar(30) NOT NULL, "last_name" varchar(30) NOT NULL, "is_staff" bool NOT NULL, "is_active" bool NOT NULL, "date_joined" datetime NOT NULL, "email" varchar(254) NOT NULL); (params None)
INSERT INTO "new__auth_user" ("id", "password", "last_login", "is_superuser", "username", "first_name", "last_name", "is_staff", "is_active", "date_joined", "email") SELECT "id", "password", "last_login", "is_superuser", "username", "first_name", "last_name", "is_staff", "is_active", "date_joined", "email" FROM "auth_user"; (params ())
DROP TABLE "auth_user"; (params ())
ALTER TABLE "new__auth_user" RENAME TO "auth_user"; (params ())
CREATE TABLE "new__auth_user" ("id" integer NOT NULL PRIMARY KEY AUTOINCREMENT, "password" varchar(128) NOT NULL, "is_superuser" bool NOT NULL, "username" varchar(30) NOT NULL UNIQUE, "first_name" varchar(30) NOT NULL, "last_name" varchar(30) NOT NULL, "email" varchar(254) NOT NULL, "is_staff" bool NOT NULL, "is_active" bool NOT NULL, "date_joined" datetime NOT NULL, "last_login" datetime NULL); (params None)
INSERT INTO "new__auth_user" ("id", "password", "is_superuser", "username", "first_name", "last_name", "email", "is_staff", "is_active", "date_joined", "last_login") SELECT "id", "password", "is_superuser", "username", "first_name", "last_name", "email", "is_staff", "is_active", "date_joined", "last_login" FROM "auth_user"; (params ())
DROP TABLE "auth_user"; (params ())
ALTER TABLE "new__auth_user" RENAME TO "auth_user"; (params ())
CREATE TABLE "new__auth_user" ("id" integer NOT NULL PRIMARY KEY AUTOINCREMENT, "password" varchar(128) NOT NULL, "last_login" datetime NULL, "is_superuser" bool NOT NULL, "first_name" varchar(30) NOT NULL, "last_name" varchar(30) NOT NULL, "email" varchar(254) NOT NULL, "is_staff" bool NOT NULL, "is_active" bool NOT NULL, "date_joined" datetime NOT NULL, "username" varchar(150) NOT NULL UNIQUE); (params None)
INSERT INTO "new__auth_user" ("id", "password", "last_login", "is_superuser", "first_name", "last_name", "email", "is_staff", "is_active", "date_joined", "username") SELECT "id", "password", "last_login", "is_superuser", "first_name", "last_name", "email", "is_staff", "is_active", "date_joined", "username" FROM "auth_user"; (params ())
DROP TABLE "auth_user"; (params ())
ALTER TABLE "new__auth_user" RENAME TO "auth_user"; (params ())
CREATE TABLE "new__auth_user" ("id" integer NOT NULL PRIMARY KEY AUTOINCREMENT, "password" varchar(128) NOT NULL, "last_login" datetime NULL, "is_superuser" bool NOT NULL, "username" varchar(150) NOT NULL UNIQUE, "first_name" varchar(30) NOT NULL, "email" varchar(254) NOT NULL, "is_staff" bool NOT NULL, "is_active" bool NOT NULL, "date_joined" datetime NOT NULL, "last_name" varchar(150) NOT NULL); (params None)
INSERT INTO "new__auth_user" ("id", "password", "last_login", "is_superuser", "username", "first_name", "email", "is_staff", "is_active", "date_joined", "last_name") SELECT "id", "password", "last_login", "is_superuser", "username", "first_name", "email", "is_staff", "is_active", "date_joined", "last_name" FROM "auth_user"; (params ())
DROP TABLE "auth_user"; (params ())
ALTER TABLE "new__auth_user" RENAME TO "auth_user"; (params ())
CREATE TABLE "new__auth_group" ("id" integer NOT NULL PRIMARY KEY AUTOINCREMENT, "name" varchar(150) NOT NULL UNIQUE); (params None)
INSERT INTO "new__auth_group" ("id", "name") SELECT "id", "name" FROM "auth_group"; (params ())
DROP TABLE "auth_group"; (params ())
ALTER TABLE "new__auth_group" RENAME TO "auth_group"; (params ())
CREATE TABLE "new__auth_user" ("id" integer NOT NULL PRIMARY KEY AUTOINCREMENT, "password" varchar(128) NOT NULL, "last_login" datetime NULL, "is_superuser" bool NOT NULL, "username" varchar(150) NOT NULL UNIQUE, "last_name" varchar(150) NOT NULL, "email" varchar(254) NOT NULL, "is_staff" bool NOT NULL, "is_active" bool NOT NULL, "date_joined" datetime NOT NULL, "first_name" varchar(150) NOT NULL); (params None)
INSERT INTO "new__auth_user" ("id", "password", "last_login", "is_superuser", "username", "last_name", "email", "is_staff", "is_active", "date_joined", "first_name") SELECT "id", "password", "last_login", "is_superuser", "username", "last_name", "email", "is_staff", "is_active", "date_joined", "first_name" FROM "auth_user"; (params ())
DROP TABLE "auth_user"; (params ())
ALTER TABLE "new__auth_user" RENAME TO "auth_user"; (params ())
CREATE TABLE "cms_content_page" ("id" integer NOT NULL PRIMARY KEY AUTOINCREMENT, "title" varchar(200) NOT NULL, "slug" varchar(200) NOT NULL UNIQUE, "content" text NOT NULL, "published" bool NOT NULL, "order" integer unsigned NOT NULL UNIQUE CHECK ("order" >= 0), "meta_title" varchar(200) NOT NULL, "meta_description" text NOT NULL, "meta_keywords" varchar(255) NOT NULL, "parent_id" bigint NULL REFERENCES "cms_content_page" ("id") DEFERRABLE INITIALLY DEFERRED); (params None)
CREATE INDEX "cms_content_page_parent_id_36f3da79" ON "cms_content_page" ("parent_id"); (params None)
DROP TABLE "cms_content_page"; (params ())
CREATE TABLE "cms_content_page" ("id" integer NOT NULL PRIMARY KEY AUTOINCREMENT, "title" varchar(200) NOT NULL, "slug" varchar(200) NOT NULL UNIQUE, "content" text NOT NULL, "published" bool NOT NULL, "order" integer unsigned NOT NULL UNIQUE CHECK ("order" >= 0), "meta_title" varchar(200) NOT NULL, "meta_description" text NOT NULL, "meta_keywords" varchar(255) NOT NULL, "parent_id" bigint NULL REFERENCES "cms_content_page" ("id") DEFERRABLE INITIALLY DEFERRED); (params None)
CREATE INDEX "cms_content_page_parent_id_36f3da79" ON "cms_content_page" ("parent_id"); (params None)
CREATE TABLE "new__cms_content_page" ("id" integer NOT NULL PRIMARY KEY AUTOINCREMENT, "title" varchar(200) NOT NULL, "slug" varchar(200) NOT NULL UNIQUE, "content" text NOT NULL, "published" bool NOT NULL, "meta_title" varchar(200) NOT NULL, "meta_description" text NOT NULL, "meta_keywords" varchar(255) NOT NULL, "order" integer unsigned NOT NULL CHECK ("order" >= 0), "parent_id" bigint NULL REFERENCES "cms_content_page" ("id") DEFERRABLE INITIALLY DEFERRED); (params None)
INSERT INTO "new__cms_content_page" ("id", "title", "slug", "content", "published", "meta_title", "meta_description", "meta_keywords", "parent_id", "order") SELECT "id", "title", "slug", "content", "published", "meta_title", "meta_description", "meta_keywords", "parent_id", "order" FROM "cms_content_page"; (params ())
DROP TABLE "cms_content_page"; (params ())
ALTER TABLE "new__cms_content_page" RENAME TO "cms_content_page"; (params ())
CREATE INDEX "cms_content_page_parent_id_36f3da79" ON "cms_content_page" ("parent_id"); (params ())
CREATE TABLE "new__cms_content_page" ("id" integer NOT NULL PRIMARY KEY AUTOINCREMENT, "title" varchar(200) NOT NULL, "slug" varchar(200) NOT NULL UNIQUE, "content" text NOT NULL, "published" bool NOT NULL, "meta_title" varchar(200) NOT NULL, "meta_description" text NOT NULL, "meta_keywords" varchar(255) NOT NULL, "order" integer unsigned NOT NULL UNIQUE CHECK ("order" >= 0), "parent_id" bigint NULL REFERENCES "cms_content_page" ("id") DEFERRABLE INITIALLY DEFERRED); (params None)
INSERT INTO "new__cms_content_page" ("id", "title", "slug", "content", "published", "meta_title", "meta_description", "meta_keywords", "parent_id", "order") SELECT "id", "title", "slug", "content", "published", "meta_title", "meta_description", "meta_keywords", "parent_id", "order" FROM "cms_content_page"; (params ())
DROP TABLE "cms_content_page"; (params ())
ALTER TABLE "new__cms_content_page" RENAME TO "cms_content_page"; (params ())
CREATE INDEX "cms_content_page_parent_id_36f3da79" ON "cms_content_page" ("parent_id"); (params ())
CREATE TABLE "new__cms_content_page" ("id" integer NOT NULL PRIMARY KEY AUTOINCREMENT, "slug" varchar(200) NOT NULL UNIQUE, "content" text NOT NULL, "published" bool NOT NULL, "order" integer unsigned NOT NULL UNIQUE CHECK ("order" >= 0), "meta_title" varchar(200) NOT NULL, "meta_description" text NOT NULL, "meta_keywords" varchar(255) NOT NULL, "title" varchar(200) NOT NULL UNIQUE, "parent_id" bigint NULL REFERENCES "cms_content_page" ("id") DEFERRABLE INITIALLY DEFERRED); (params None)
INSERT INTO "new__cms_content_page" ("id", "slug", "content", "published", "order", "meta_title", "meta_description", "meta_keywords", "parent_id", "title") SELECT "id", "slug", "content", "published", "order", "meta_title", "meta_description", "meta_keywords", "parent_id", "title" FROM "cms_content_page"; (params ())
DROP TABLE "cms_content_page"; (params ())
ALTER TABLE "new__cms_content_page" RENAME TO "cms_content_page"; (params ())
CREATE INDEX "cms_content_page_parent_id_36f3da79" ON "cms_content_page" ("parent_id"); (params ())
CREATE TABLE "cms_settings_page" ("id" integer NOT NULL PRIMARY KEY AUTOINCREMENT, "title" varchar(200) NOT NULL, "slug" varchar(200) NOT NULL UNIQUE, "content" text NOT NULL, "published" bool NOT NULL, "order" integer unsigned NOT NULL CHECK ("order" >= 0), "meta_title" varchar(200) NOT NULL, "meta_description" text NOT NULL, "meta_keywords" varchar(255) NOT NULL, "parent_id" bigint NULL REFERENCES "cms_settings_page" ("id") DEFERRABLE INITIALLY DEFERRED); (params None)
CREATE INDEX "cms_settings_page_parent_id_49442215" ON "cms_settings_page" ("parent_id"); (params None)
DROP TABLE "cms_settings_page"; (params ())
CREATE TABLE "cms_settings_page" ("id" integer NOT NULL PRIMARY KEY AUTOINCREMENT, "title" varchar(200) NOT NULL, "slug" varchar(200) NOT NULL UNIQUE, "content" text NOT NULL, "published" bool NOT NULL, "order" integer unsigned NOT NULL UNIQUE CHECK ("order" >= 0), "meta_title" varchar(200) NOT NULL, "meta_description" text NOT NULL, "meta_keywords" varchar(255) NOT NULL, "parent_id" bigint NULL REFERENCES "cms_settings_page" ("id") DEFERRABLE INITIALLY DEFERRED); (params None)
CREATE INDEX "cms_settings_page_parent_id_49442215" ON "cms_settings_page" ("parent_id"); (params None)
DROP TABLE "cms_settings_page"; (params ())
CREATE TABLE "django_session" ("session_key" varchar(40) NOT NULL PRIMARY KEY, "session_data" text NOT NULL, "expire_date" datetime NOT NULL); (params None)
CREATE INDEX "django_session_expire_date_a5c62663" ON "django_session" ("expire_date"); (params None)
Watching for file changes with StatReloader
Waiting for apps ready_event.
Apps ready_event triggered. Sending autoreload_started signal.
Watching dir D:\Code\Django\MyDjango\templates with glob **/*.
Watching dir D:\Code\Django\MyDjango\locale with glob **/*.mo.
Watching dir D:\Code\Django\MyDjango\cms_settings\locale with glob **/*.mo.
Watching dir D:\Code\Django\MyDjango\cms_content\locale with glob **/*.mo.
(0.000) 
            SELECT name, type FROM sqlite_master
            WHERE type in ('table', 'view') AND NOT name='sqlite_sequence'
            ORDER BY name; args=None; alias=default
(0.000) SELECT "django_migrations"."id", "django_migrations"."app", "django_migrations"."name", "django_migrations"."applied" FROM "django_migrations"; args=(); alias=default
File D:\Code\Django\MyDjango\.venv\Lib\site-packages\django\contrib\auth\validators.py first seen with mtime 1728037745.093638
File D:\Code\Django\MyDjango\cms_settings\models.py first seen with mtime 1728049321.107044
File D:\Code\Django\MyDjango\.venv\Lib\site-packages\django\core\files\storage\__init__.py first seen with mtime 1728037748.9911451
File C:\Program Files\Python312\Lib\concurrent\futures\_base.py first seen with mtime 1712667018.0
File D:\Code\Django\MyDjango\.venv\Lib\site-packages\django\db\models\sql\datastructures.py first seen with mtime 1728037749.1061447
File D:\Code\Django\MyDjango\.venv\Lib\site-packages\django\views\debug.py first seen with mtime 1728037749.198146
File D:\Code\Django\MyDjango\.venv\Lib\site-packages\sqlparse\filters\aligned_indent.py first seen with mtime 1728037743.957637
File C:\Program Files\Python312\Lib\asyncio\locks.py first seen with mtime 1712667018.0
File D:\Code\Django\MyDjango\.venv\Lib\site-packages\django\template\exceptions.py first seen with mtime 1728037749.159146
File D:\Code\Django\MyDjango\.venv\Lib\site-packages\django\db\models\query.py first seen with mtime 1728037749.0941443
File D:\Code\Django\MyDjango\.venv\Lib\site-packages\django\templatetags\l10n.py first seen with mtime 1728037749.1681452
File D:\Code\Django\MyDjango\.venv\Lib\site-packages\django\utils\timesince.py first seen with mtime 1728037749.1921453
File D:\Code\Django\MyDjango\.venv\Lib\site-packages\django\core\checks\urls.py first seen with mtime 1728037748.968145
File C:\Program Files\Python312\Lib\pathlib.py first seen with mtime 1712667018.0
File D:\Code\Django\MyDjango\cms_content\admin.py first seen with mtime 1728050885.7265458
File D:\Code\Django\MyDjango\.venv\Lib\site-packages\django\contrib\auth\decorators.py first seen with mtime 1728037745.089638
File C:\Program Files\Python312\DLLs\_ctypes.pyd first seen with mtime 1712667062.0
File C:\Program Files\Python312\Lib\locale.py first seen with mtime 1712667018.0
File D:\Code\Django\MyDjango\.venv\Lib\site-packages\django\template\base.py first seen with mtime 1728037749.1561446
File C:\Program Files\Python312\Lib\getpass.py first seen with mtime 1712667018.0
File C:\Program Files\Python312\Lib\logging\__init__.py first seen with mtime 1712667018.0
File C:\Program Files\Python312\Lib\hmac.py first seen with mtime 1712667018.0
File D:\Code\Django\MyDjango\.venv\Lib\site-packages\django\contrib\contenttypes\apps.py first seen with mtime 1728037745.9996383
File D:\Code\Django\MyDjango\.venv\Lib\site-packages\django\views\decorators\common.py first seen with mtime 1728037749.2021449
File D:\Code\Django\MyDjango\.venv\Lib\site-packages\django\contrib\staticfiles\__init__.py first seen with mtime 1728037748.8571448
File D:\Code\Django\MyDjango\.venv\Lib\site-packages\django\contrib\auth\middleware.py first seen with mtime 1728037745.0916367
File D:\Code\Django\MyDjango\.venv\Lib\site-packages\django\db\backends\base\introspection.py first seen with mtime 1728037749.0351448
File C:\Program Files\Python312\Lib\gettext.py first seen with mtime 1712667018.0
File D:\Code\Django\MyDjango\.venv\Lib\site-packages\django\views\decorators\debug.py first seen with mtime 1728037749.2021449
File C:\Program Files\Python312\Lib\urllib\parse.py first seen with mtime 1712667018.0
File C:\Program Files\Python312\Lib\functools.py first seen with mtime 1712667018.0
File C:\Program Files\Python312\Lib\enum.py first seen with mtime 1712667018.0
File D:\Code\Django\MyDjango\manage.py first seen with mtime 1728037754.252145
File D:\Code\Django\MyDjango\.venv\Lib\site-packages\django\core\serializers\json.py first seen with mtime 1728037749.0251477
File C:\Program Files\Python312\Lib\json\__init__.py first seen with mtime 1712667018.0
File D:\Code\Django\MyDjango\.venv\Lib\site-packages\django\contrib\sessions\models.py first seen with mtime 1728037747.8031456
File D:\Code\Django\MyDjango\.venv\Lib\site-packages\django\db\models\sql\constants.py first seen with mtime 1728037749.1051447
File D:\Code\Django\MyDjango\.venv\Lib\site-packages\django\utils\formats.py first seen with mtime 1728037749.1851456
File D:\Code\Django\MyDjango\.venv\Lib\site-packages\django\contrib\auth\apps.py first seen with mtime 1728037745.0866375
File C:\Program Files\Python312\Lib\types.py first seen with mtime 1712667018.0
File C:\Program Files\Python312\Lib\weakref.py first seen with mtime 1712667018.0
File D:\Code\Django\MyDjango\.venv\Lib\site-packages\django\views\generic\dates.py first seen with mtime 1728037749.2061453
File D:\Code\Django\MyDjango\.venv\Lib\site-packages\django\utils\timezone.py first seen with mtime 1728037749.193146
File D:\Code\Django\MyDjango\.venv\Lib\site-packages\django\db\models\lookups.py first seen with mtime 1728037749.092145
File D:\Code\Django\MyDjango\.venv\Lib\site-packages\django\utils\safestring.py first seen with mtime 1728037749.191146
File D:\Code\Django\MyDjango\.venv\Lib\site-packages\django\contrib\auth\admin.py first seen with mtime 1728037745.0866375
File D:\Code\Django\MyDjango\.venv\Lib\site-packages\django\contrib\auth\views.py first seen with mtime 1728037745.0946376
File D:\Code\Django\MyDjango\.venv\Lib\site-packages\django\core\files\move.py first seen with mtime 1728037748.9841454
File C:\Program Files\Python312\Lib\fractions.py first seen with mtime 1712667018.0
File D:\Code\Django\MyDjango\.venv\Lib\site-packages\django\db\models\sql\query.py first seen with mtime 1728037749.1061447
File D:\Code\Django\MyDjango\.venv\Lib\site-packages\django\contrib\messages\utils.py first seen with mtime 1728037747.2796378
File C:\Program Files\Python312\Lib\asyncio\constants.py first seen with mtime 1712667018.0
File C:\Program Files\Python312\Lib\secrets.py first seen with mtime 1712667018.0
File C:\Program Files\Python312\Lib\email\base64mime.py first seen with mtime 1712667018.0
File D:\Code\Django\MyDjango\.venv\Lib\site-packages\django\core\checks\security\csrf.py first seen with mtime 1728037748.9761448
File C:\Program Files\Python312\DLLs\_bz2.pyd first seen with mtime 1712667062.0
File D:\Code\Django\MyDjango\.venv\Lib\site-packages\django\contrib\admin\views\__init__.py first seen with mtime 1728037744.9556382
File D:\Code\Django\MyDjango\.venv\Lib\site-packages\django\db\models\functions\datetime.py first seen with mtime 1728037749.1021461
File C:\Program Files\Python312\DLLs\unicodedata.pyd first seen with mtime 1712667062.0
File D:\Code\Django\MyDjango\MyDjango\settings.py first seen with mtime 1728053832.61404
File D:\Code\Django\MyDjango\.venv\Lib\site-packages\django\contrib\auth\checks.py first seen with mtime 1728037745.0876377
File D:\Code\Django\MyDjango\.venv\Lib\site-packages\django\template\loader_tags.py first seen with mtime 1728037749.160145
File D:\Code\Django\MyDjango\.venv\Lib\site-packages\django\db\backends\base\schema.py first seen with mtime 1728037749.0361445
File D:\Code\Django\MyDjango\cms_settings\__init__.py first seen with mtime 1728037756.6381476
File D:\Code\Django\MyDjango\.venv\Lib\site-packages\django\conf\global_settings.py first seen with mtime 1728037744.4076393
File D:\Code\Django\MyDjango\.venv\Lib\site-packages\django\core\signals.py first seen with mtime 1728037748.8921442
File D:\Code\Django\MyDjango\.venv\Lib\site-packages\django\http\request.py first seen with mtime 1728037749.151145
File C:\Program Files\Python312\DLLs\select.pyd first seen with mtime 1712667062.0
File D:\Code\Django\MyDjango\.venv\Lib\site-packages\django\forms\utils.py first seen with mtime 1728037749.1131456
File D:\Code\Django\MyDjango\.venv\Lib\site-packages\sqlparse\__init__.py first seen with mtime 1728037743.9506364
File C:\Program Files\Python312\Lib\asyncio\proactor_events.py first seen with mtime 1712667018.0
File D:\Code\Django\MyDjango\.venv\Lib\site-packages\django\contrib\contenttypes\__init__.py first seen with mtime 1728037745.9986384
File D:\Code\Django\MyDjango\.venv\Lib\site-packages\django\core\serializers\python.py first seen with mtime 1728037749.026148
File C:\Program Files\Python312\Lib\typing.py first seen with mtime 1712667018.0
File C:\Program Files\Python312\Lib\asyncio\base_events.py first seen with mtime 1712667018.0
File C:\Program Files\Python312\Lib\email\mime\text.py first seen with mtime 1712667018.0
File C:\Program Files\Python312\Lib\asyncio\windows_events.py first seen with mtime 1712667018.0
File D:\Code\Django\MyDjango\.venv\Lib\site-packages\django\core\files\uploadhandler.py first seen with mtime 1728037748.9891448
File C:\Program Files\Python312\Lib\linecache.py first seen with mtime 1712667018.0
File D:\Code\Django\MyDjango\.venv\Lib\site-packages\django\contrib\admin\templatetags\admin_list.py first seen with mtime 1728037744.9536388
File D:\Code\Django\MyDjango\.venv\Lib\site-packages\django\db\transaction.py first seen with mtime 1728037749.0291457
File D:\Code\Django\MyDjango\.venv\Lib\site-packages\sqlparse\sql.py first seen with mtime 1728037743.9536376
File C:\Program Files\Python312\Lib\http\server.py first seen with mtime 1712667018.0
File D:\Code\Django\MyDjango\.venv\Lib\site-packages\asgiref\__init__.py first seen with mtime 1728037744.1716366
File D:\Code\Django\MyDjango\MyDjango\__init__.py first seen with mtime 1728037754.2581456
File D:\Code\Django\MyDjango\.venv\Lib\site-packages\django\db\models\query_utils.py first seen with mtime 1728037749.0941443
File D:\Code\Django\MyDjango\.venv\Lib\site-packages\sqlparse\filters\tokens.py first seen with mtime 1728037743.9596379
File D:\Code\Django\MyDjango\.venv\Lib\site-packages\django\db\models\constraints.py first seen with mtime 1728037749.0891452
File D:\Code\Django\MyDjango\cms_settings\apps.py first seen with mtime 1728049116.8036723
File C:\Program Files\Python312\Lib\concurrent\futures\__init__.py first seen with mtime 1712667018.0
File C:\Program Files\Python312\Lib\json\scanner.py first seen with mtime 1712667018.0
File D:\Code\Django\MyDjango\.venv\Lib\site-packages\django\db\models\fields\reverse_related.py first seen with mtime 1728037749.1001477
File D:\Code\Django\MyDjango\.venv\Lib\site-packages\django\core\handlers\base.py first seen with mtime 1728037748.9971468
File D:\Code\Django\MyDjango\.venv\Lib\site-packages\django\contrib\messages\api.py first seen with mtime 1728037747.2726374
File D:\Code\Django\MyDjango\.venv\Lib\site-packages\django\template\engine.py first seen with mtime 1728037749.159146
File C:\Program Files\Python312\Lib\multiprocessing\process.py first seen with mtime 1712667018.0
File D:\Code\Django\MyDjango\.venv\Lib\site-packages\django\contrib\auth\password_validation.py first seen with mtime 1728037745.0926385
File D:\Code\Django\MyDjango\.venv\Lib\site-packages\sqlparse\filters\right_margin.py first seen with mtime 1728037743.9596379
File D:\Code\Django\MyDjango\.venv\Lib\site-packages\django\core\files\base.py first seen with mtime 1728037748.9781442
File D:\Code\Django\MyDjango\MyDjango\urls.py first seen with mtime 1728037754.257146
File D:\Code\Django\MyDjango\.venv\Lib\site-packages\django\utils\__init__.py first seen with mtime 1728037749.177145
File C:\Program Files\Python312\Lib\traceback.py first seen with mtime 1712667018.0
File C:\Program Files\Python312\Lib\asyncio\base_futures.py first seen with mtime 1712667018.0
File D:\Code\Django\MyDjango\.venv\Lib\site-packages\django\template\defaultfilters.py first seen with mtime 1728037749.1571448
File D:\Code\Django\MyDjango\.venv\Lib\site-packages\django\core\management\base.py first seen with mtime 1728037749.0071447
File D:\Code\Django\MyDjango\.venv\Lib\site-packages\django\urls\conf.py first seen with mtime 1728037749.1741455
File D:\Code\Django\MyDjango\.venv\Lib\site-packages\django\template\loaders\filesystem.py first seen with mtime 1728037749.166145
File D:\Code\Django\MyDjango\.venv\Lib\site-packages\django\contrib\auth\__init__.py first seen with mtime 1728037745.0856376
File C:\Program Files\Python312\Lib\email\mime\base.py first seen with mtime 1712667018.0
File C:\Program Files\Python312\Lib\email\charset.py first seen with mtime 1712667018.0
File C:\Program Files\Python312\Lib\contextvars.py first seen with mtime 1712667018.0
File D:\Code\Django\MyDjango\.venv\Lib\site-packages\django\conf\locale\__init__.py first seen with mtime 1728037744.416646
File D:\Code\Django\MyDjango\.venv\Lib\site-packages\django\core\files\__init__.py first seen with mtime 1728037748.9781442
File C:\Program Files\Python312\Lib\bisect.py first seen with mtime 1712667018.0
File D:\Code\Django\MyDjango\.venv\Lib\site-packages\django\db\backends\ddl_references.py first seen with mtime 1728037749.0301452
File D:\Code\Django\MyDjango\.venv\Lib\site-packages\django\db\models\fields\related_descriptors.py first seen with mtime 1728037749.1001477
File C:\Program Files\Python312\Lib\wsgiref\util.py first seen with mtime 1712667018.0
File C:\Program Files\Python312\Lib\pickle.py first seen with mtime 1712667018.0
File C:\Program Files\Python312\Lib\email\mime\multipart.py first seen with mtime 1712667018.0
File D:\Code\Django\MyDjango\.venv\Lib\site-packages\django\views\decorators\csrf.py first seen with mtime 1728037749.2021449
File C:\Program Files\Python312\Lib\dataclasses.py first seen with mtime 1712667018.0
File D:\Code\Django\MyDjango\.venv\Lib\site-packages\django\db\utils.py first seen with mtime 1728037749.0291457
File C:\Program Files\Python312\Lib\html\parser.py first seen with mtime 1712667018.0
File D:\Code\Django\MyDjango\.venv\Lib\site-packages\django\contrib\messages\apps.py first seen with mtime 1728037747.2726374
File D:\Code\Django\MyDjango\.venv\Lib\site-packages\django\core\files\temp.py first seen with mtime 1728037748.987144
File D:\Code\Django\MyDjango\.venv\Lib\site-packages\django\core\mail\message.py first seen with mtime 1728037749.0001462
File D:\Code\Django\MyDjango\.venv\Lib\site-packages\django\contrib\contenttypes\management\__init__.py first seen with mtime 1728037746.3536391
File D:\Code\Django\MyDjango\.venv\Lib\site-packages\django\db\backends\sqlite3\_functions.py first seen with mtime 1728037749.0721447
File C:\Program Files\Python312\Lib\concurrent\__init__.py first seen with mtime 1712667018.0
File C:\Program Files\Python312\Lib\asyncio\log.py first seen with mtime 1712667018.0
File D:\Code\Django\MyDjango\.venv\Lib\site-packages\django\core\checks\templates.py first seen with mtime 1728037748.966144
File D:\Code\Django\MyDjango\.venv\Lib\site-packages\django\utils\regex_helper.py first seen with mtime 1728037749.1901455
File C:\Program Files\Python312\Lib\ipaddress.py first seen with mtime 1712667018.0
File C:\Program Files\Python312\Lib\sqlite3\__init__.py first seen with mtime 1712667018.0
File D:\Code\Django\MyDjango\.venv\Lib\site-packages\django\conf\__init__.py first seen with mtime 1728037744.4076393
File D:\Code\Django\MyDjango\.venv\Lib\site-packages\django\contrib\contenttypes\admin.py first seen with mtime 1728037745.9996383
File D:\Code\Django\MyDjango\.venv\Lib\site-packages\django\contrib\auth\base_user.py first seen with mtime 1728037745.0876377
File D:\Code\Django\MyDjango\.venv\Lib\site-packages\django\core\serializers\base.py first seen with mtime 1728037749.0251477
File D:\Code\Django\MyDjango\.venv\Lib\site-packages\django\forms\widgets.py first seen with mtime 1728037749.1141448
File C:\Program Files\Python312\Lib\asyncio\futures.py first seen with mtime 1712667018.0
File C:\Program Files\Python312\DLLs\_queue.pyd first seen with mtime 1712667062.0
File C:\Program Files\Python312\DLLs\_hashlib.pyd first seen with mtime 1712667062.0
File C:\Program Files\Python312\DLLs\_socket.pyd first seen with mtime 1712667062.0
File C:\Program Files\Python312\Lib\email\_encoded_words.py first seen with mtime 1712667018.0
File C:\Program Files\Python312\Lib\queue.py first seen with mtime 1712667018.0
File C:\Program Files\Python312\Lib\ssl.py first seen with mtime 1712667018.0
File C:\Program Files\Python312\Lib\email\contentmanager.py first seen with mtime 1712667018.0
File D:\Code\Django\MyDjango\.venv\Lib\site-packages\django\core\checks\registry.py first seen with mtime 1728037748.964145
File D:\Code\Django\MyDjango\.venv\Lib\site-packages\django\contrib\admin\actions.py first seen with mtime 1728037744.6136377
File D:\Code\Django\MyDjango\.venv\Lib\site-packages\django\db\migrations\operations\fields.py first seen with mtime 1728037749.084145
File D:\Code\Django\MyDjango\.venv\Lib\site-packages\django\contrib\admin\templatetags\admin_modify.py first seen with mtime 1728037744.9536388
File D:\Code\Django\MyDjango\.venv\Lib\site-packages\asgiref\sync.py first seen with mtime 1728037744.1736388
File D:\Code\Django\MyDjango\.venv\Lib\site-packages\sqlparse\engine\filter_stack.py first seen with mtime 1728037743.9556375
File C:\Program Files\Python312\Lib\email\utils.py first seen with mtime 1712667018.0
File D:\Code\Django\MyDjango\.venv\Lib\site-packages\django\utils\numberformat.py first seen with mtime 1728037749.1901455
File D:\Code\Django\MyDjango\.venv\Lib\site-packages\django\core\checks\__init__.py first seen with mtime 1728037748.953145
File D:\Code\Django\MyDjango\.venv\Lib\site-packages\django\utils\connection.py first seen with mtime 1728037749.1801453
File D:\Code\Django\MyDjango\cms_content\__init__.py first seen with mtime 1728049019.5787663
File C:\Program Files\Python312\Lib\asyncio\__init__.py first seen with mtime 1712667018.0
File D:\Code\Django\MyDjango\.venv\Lib\site-packages\django\utils\dates.py first seen with mtime 1728037749.1821458
File C:\Program Files\Python312\Lib\pprint.py first seen with mtime 1712667018.0
File D:\Code\Django\MyDjango\.venv\Lib\site-packages\django\http\cookie.py first seen with mtime 1728037749.1501443
File D:\Code\Django\MyDjango\.venv\Lib\site-packages\django\db\backends\base\validation.py first seen with mtime 1728037749.0371447
File D:\Code\Django\MyDjango\.venv\Lib\site-packages\django\db\models\fields\__init__.py first seen with mtime 1728037749.096145
File C:\Program Files\Python312\Lib\encodings\cp1252.py first seen with mtime 1712667018.0
File D:\Code\Django\MyDjango\.venv\Lib\site-packages\django\db\models\__init__.py first seen with mtime 1728037749.087145
File D:\Code\Django\MyDjango\.venv\Lib\site-packages\django\contrib\admin\templatetags\admin_urls.py first seen with mtime 1728037744.9536388
File D:\Code\Django\MyDjango\.venv\Lib\site-packages\django\template\loader.py first seen with mtime 1728037749.160145
File C:\Program Files\Python312\Lib\asyncio\coroutines.py first seen with mtime 1712667018.0
File D:\Code\Django\MyDjango\.venv\Lib\site-packages\django\db\backends\sqlite3\base.py first seen with mtime 1728037749.0721447
File D:\Code\Django\MyDjango\.venv\Lib\site-packages\django\forms\fields.py first seen with mtime 1728037749.1101449
File D:\Code\Django\MyDjango\.venv\Lib\site-packages\django\contrib\admin\checks.py first seen with mtime 1728037744.6146386
File C:\Program Files\Python312\Lib\collections\__init__.py first seen with mtime 1712667018.0
File D:\Code\Django\MyDjango\.venv\Lib\site-packages\django\contrib\contenttypes\models.py first seen with mtime 1728037746.0046377
File D:\Code\Django\MyDjango\.venv\Lib\site-packages\django\contrib\admin\widgets.py first seen with mtime 1728037744.6196394
File D:\Code\Django\MyDjango\.venv\Lib\site-packages\django\core\files\utils.py first seen with mtime 1728037748.9901447
File D:\Code\Django\MyDjango\.venv\Lib\site-packages\django\dispatch\__init__.py first seen with mtime 1728037749.108145
File D:\Code\Django\MyDjango\.venv\Lib\site-packages\django\utils\ipv6.py first seen with mtime 1728037749.1871452
File D:\Code\Django\MyDjango\.venv\Lib\site-packages\django\utils\asyncio.py first seen with mtime 1728037749.1781454
File D:\Code\Django\MyDjango\.venv\Lib\site-packages\django\core\files\storage\filesystem.py first seen with mtime 1728037748.9941466
File D:\Code\Django\MyDjango\.venv\Lib\site-packages\django\core\handlers\exception.py first seen with mtime 1728037748.9981453
File D:\Code\Django\MyDjango\.venv\Lib\site-packages\django\apps\config.py first seen with mtime 1728037744.4056396
File D:\Code\Django\MyDjango\.venv\Lib\site-packages\django\db\models\functions\comparison.py first seen with mtime 1728037749.1021461
File D:\Code\Django\MyDjango\.venv\Lib\site-packages\django\db\backends\signals.py first seen with mtime 1728037749.031145
File C:\Program Files\Python312\Lib\struct.py first seen with mtime 1712667018.0
File D:\Code\Django\MyDjango\.venv\Lib\site-packages\django\db\models\enums.py first seen with mtime 1728037749.090145
File D:\Code\Django\MyDjango\.venv\Lib\site-packages\sqlparse\lexer.py first seen with mtime 1728037743.9536376
File D:\Code\Django\MyDjango\.venv\Lib\site-packages\django\utils\http.py first seen with mtime 1728037749.1871452
File D:\Code\Django\MyDjango\.venv\Lib\site-packages\django\views\generic\base.py first seen with mtime 1728037749.2051451
File C:\Program Files\Python312\Lib\numbers.py first seen with mtime 1712667018.0
File D:\Code\Django\MyDjango\.venv\Lib\site-packages\django\db\models\signals.py first seen with mtime 1728037749.0951447
File C:\Program Files\Python312\Lib\zoneinfo\_tzpath.py first seen with mtime 1712667018.0
File D:\Code\Django\MyDjango\.venv\Lib\site-packages\django\utils\text.py first seen with mtime 1728037749.191146
File C:\Program Files\Python312\Lib\copyreg.py first seen with mtime 1712667018.0
File C:\Program Files\Python312\Lib\contextlib.py first seen with mtime 1712667018.0
File D:\Code\Django\MyDjango\.venv\Lib\site-packages\django\contrib\admin\helpers.py first seen with mtime 1728037744.616639
File D:\Code\Django\MyDjango\.venv\Lib\site-packages\django\db\backends\__init__.py first seen with mtime 1728037749.0301452
File D:\Code\Django\MyDjango\.venv\Lib\site-packages\django\utils\termcolors.py first seen with mtime 1728037749.191146
File D:\Code\Django\MyDjango\.venv\Lib\site-packages\django\apps\__init__.py first seen with mtime 1728037744.404638
File C:\Program Files\Python312\Lib\email\mime\nonmultipart.py first seen with mtime 1712667018.0
File D:\Code\Django\MyDjango\.venv\Lib\site-packages\django\template\utils.py first seen with mtime 1728037749.1611447
File D:\Code\Django\MyDjango\.venv\Lib\site-packages\django\contrib\admin\views\autocomplete.py first seen with mtime 1728037744.9556382
File D:\Code\Django\MyDjango\.venv\Lib\site-packages\django\views\i18n.py first seen with mtime 1728037749.1991458
File C:\Program Files\Python312\Lib\token.py first seen with mtime 1712667018.0
File D:\Code\Django\MyDjango\.venv\Lib\site-packages\django\core\files\uploadedfile.py first seen with mtime 1728037748.9881446
File D:\Code\Django\MyDjango\.venv\Lib\site-packages\django\contrib\contenttypes\forms.py first seen with mtime 1728037746.0026374
File D:\Code\Django\MyDjango\.venv\Lib\site-packages\django\utils\lorem_ipsum.py first seen with mtime 1728037749.1891453
File D:\Code\Django\MyDjango\.venv\Lib\site-packages\django\utils\cache.py first seen with mtime 1728037749.179145
File C:\Program Files\Python312\Lib\gzip.py first seen with mtime 1712667018.0
File C:\Program Files\Python312\Lib\shutil.py first seen with mtime 1712667018.0
File D:\Code\Django\MyDjango\.venv\Lib\site-packages\django\core\__init__.py first seen with mtime 1728037748.8851445
File C:\Program Files\Python312\Lib\email\mime\__init__.py first seen with mtime 1712667018.0
File C:\Program Files\Python312\Lib\urllib\error.py first seen with mtime 1712667018.0
File D:\Code\Django\MyDjango\.venv\Lib\site-packages\django\contrib\auth\hashers.py first seen with mtime 1728037745.0906372
File D:\Code\Django\MyDjango\.venv\Lib\site-packages\django\views\generic\__init__.py first seen with mtime 1728037749.2051451
File C:\Program Files\Python312\Lib\multiprocessing\__init__.py first seen with mtime 1712667018.0
File C:\Program Files\Python312\Lib\socket.py first seen with mtime 1712667018.0
File D:\Code\Django\MyDjango\.venv\Lib\site-packages\django\core\checks\model_checks.py first seen with mtime 1728037748.9631445
File D:\Code\Django\MyDjango\.venv\Lib\site-packages\sqlparse\filters\__init__.py first seen with mtime 1728037743.957637
File C:\Program Files\Python312\Lib\html\__init__.py first seen with mtime 1712667018.0
File C:\Program Files\Python312\Lib\asyncio\subprocess.py first seen with mtime 1712667018.0
File C:\Program Files\Python312\Lib\email\encoders.py first seen with mtime 1712667018.0
File D:\Code\Django\MyDjango\.venv\Lib\site-packages\django\core\signing.py first seen with mtime 1728037748.911145
File C:\Program Files\Python312\Lib\_compat_pickle.py first seen with mtime 1712667018.0
File D:\Code\Django\MyDjango\.venv\Lib\site-packages\django\utils\dateformat.py first seen with mtime 1728037749.1811452
File D:\Code\Django\MyDjango\.venv\Lib\site-packages\django\urls\utils.py first seen with mtime 1728037749.1761458
File C:\Program Files\Python312\Lib\base64.py first seen with mtime 1712667018.0
File C:\Program Files\Python312\Lib\lzma.py first seen with mtime 1712667018.0
File C:\Program Files\Python312\Lib\zoneinfo\_common.py first seen with mtime 1712667018.0
File D:\Code\Django\MyDjango\.venv\Lib\site-packages\django\contrib\admin\filters.py first seen with mtime 1728037744.6156406
File D:\Code\Django\MyDjango\.venv\Lib\site-packages\django\utils\encoding.py first seen with mtime 1728037749.1841457
File D:\Code\Django\MyDjango\cms_content\models.py first seen with mtime 1728052956.975218
File D:\Code\Django\MyDjango\.venv\Lib\site-packages\django\contrib\sessions\apps.py first seen with mtime 1728037747.8011563
File D:\Code\Django\MyDjango\.venv\Lib\site-packages\django\contrib\auth\management\__init__.py first seen with mtime 1728037745.9786384
File D:\Code\Django\MyDjango\.venv\Lib\site-packages\django\db\backends\base\creation.py first seen with mtime 1728037749.033145
File D:\Code\Django\MyDjango\.venv\Lib\site-packages\_virtualenv.py first seen with mtime 1728037736.8790193
File C:\Program Files\Python312\Lib\_weakrefset.py first seen with mtime 1712667018.0
File D:\Code\Django\MyDjango\.venv\Lib\site-packages\django\contrib\auth\signals.py first seen with mtime 1728037745.0926385
File D:\Code\Django\MyDjango\.venv\Lib\site-packages\django\contrib\admin\options.py first seen with mtime 1728037744.6176386
File D:\Code\Django\MyDjango\.venv\Lib\site-packages\django\templatetags\cache.py first seen with mtime 1728037749.1671455
File D:\Code\Django\MyDjango\.venv\Lib\site-packages\django\contrib\staticfiles\management\commands\__init__.py first seen with mtime 1728037748.8731453
File D:\Code\Django\MyDjango\.venv\Lib\site-packages\django\db\backends\base\client.py first seen with mtime 1728037749.0321448
File D:\Code\Django\MyDjango\.venv\Lib\site-packages\django\forms\__init__.py first seen with mtime 1728037749.109145
File D:\Code\Django\MyDjango\.venv\Lib\site-packages\django\views\generic\detail.py first seen with mtime 1728037749.2061453
File D:\Code\Django\MyDjango\.venv\Lib\site-packages\django\contrib\contenttypes\views.py first seen with mtime 1728037746.0066373
File D:\Code\Django\MyDjango\.venv\Lib\site-packages\django\template\loaders\__init__.py first seen with mtime 1728037749.164145
File D:\Code\Django\MyDjango\.venv\Lib\site-packages\django\db\migrations\operations\base.py first seen with mtime 1728037749.084145
File D:\Code\Django\MyDjango\.venv\Lib\site-packages\django\core\servers\__init__.py first seen with mtime 1728037749.028147
File D:\Code\Django\MyDjango\.venv\Lib\site-packages\django\http\response.py first seen with mtime 1728037749.151145
File D:\Code\Django\MyDjango\.venv\Lib\site-packages\sqlparse\exceptions.py first seen with mtime 1728037743.951638
File D:\Code\Django\MyDjango\.venv\Lib\site-packages\django\middleware\security.py first seen with mtime 1728037749.155145
File C:\Program Files\Python312\Lib\string.py first seen with mtime 1712667018.0
File D:\Code\Django\MyDjango\.venv\Lib\site-packages\django\db\models\fields\mixins.py first seen with mtime 1728037749.098145
File D:\Code\Django\MyDjango\.venv\Lib\site-packages\django\contrib\contenttypes\fields.py first seen with mtime 1728037746.0026374
File C:\Program Files\Python312\Lib\wsgiref\handlers.py first seen with mtime 1712667018.0
File D:\Code\Django\MyDjango\.venv\Lib\site-packages\django\db\models\base.py first seen with mtime 1728037749.0881455
File C:\Program Files\Python312\Lib\nturl2path.py first seen with mtime 1712667018.0
File D:\Code\Django\MyDjango\.venv\Lib\site-packages\django\db\migrations\exceptions.py first seen with mtime 1728037749.0771453
File D:\Code\Django\MyDjango\.venv\Lib\site-packages\django\contrib\messages\storage\base.py first seen with mtime 1728037747.2816372
File C:\Program Files\Python312\Lib\encodings\utf_8.py first seen with mtime 1712667018.0
File D:\Code\Django\MyDjango\.venv\Lib\site-packages\django\utils\translation\trans_real.py first seen with mtime 1728037749.1961446
File D:\Code\Django\MyDjango\.venv\Lib\site-packages\django\core\cache\__init__.py first seen with mtime 1728037748.9181447
File D:\Code\Django\MyDjango\.venv\Lib\site-packages\django\db\models\sql\subqueries.py first seen with mtime 1728037749.1071446
File D:\Code\Django\MyDjango\.venv\Lib\site-packages\django\utils\html.py first seen with mtime 1728037749.1861458
File D:\Code\Django\MyDjango\.venv\Lib\site-packages\django\template\defaulttags.py first seen with mtime 1728037749.1581447
File D:\Code\Django\MyDjango\.venv\Lib\site-packages\django\template\backends\base.py first seen with mtime 1728037749.1621456
File D:\Code\Django\MyDjango\.venv\Lib\site-packages\django\core\checks\security\sessions.py first seen with mtime 1728037748.977145
File C:\Program Files\Python312\Lib\fnmatch.py first seen with mtime 1712667018.0
File C:\Program Files\Python312\Lib\ctypes\__init__.py first seen with mtime 1712667018.0
File C:\Program Files\Python312\Lib\http\__init__.py first seen with mtime 1712667018.0
File D:\Code\Django\MyDjango\.venv\Lib\site-packages\django\forms\forms.py first seen with mtime 1728037749.1111486
File C:\Program Files\Python312\Lib\multiprocessing\context.py first seen with mtime 1712667018.0
File D:\Code\Django\MyDjango\.venv\Lib\site-packages\sqlparse\cli.py first seen with mtime 1728037743.951638
File D:\Code\Django\MyDjango\.venv\Lib\site-packages\django\db\migrations\__init__.py first seen with mtime 1728037749.0761452
File D:\Code\Django\MyDjango\.venv\Lib\site-packages\django\views\generic\list.py first seen with mtime 1728037749.2071474
File C:\Program Files\Python312\Lib\email\feedparser.py first seen with mtime 1712667018.0
File D:\Code\Django\MyDjango\.venv\Lib\site-packages\django\views\static.py first seen with mtime 1728037749.1991458
File C:\Program Files\Python312\Lib\asyncio\timeouts.py first seen with mtime 1712667018.0
File C:\Program Files\Python312\Lib\email\__init__.py first seen with mtime 1712667018.0
File D:\Code\Django\MyDjango\.venv\Lib\site-packages\django\core\checks\translation.py first seen with mtime 1728037748.966144
File C:\Program Files\Python312\Lib\asyncio\mixins.py first seen with mtime 1712667018.0
File C:\Program Files\Python312\Lib\http\client.py first seen with mtime 1712667018.0
File C:\Program Files\Python312\Lib\calendar.py first seen with mtime 1712667018.0
File C:\Program Files\Python312\Lib\decimal.py first seen with mtime 1712667018.0
File D:\Code\Django\MyDjango\.venv\Lib\site-packages\django\utils\hashable.py first seen with mtime 1728037749.1861458
File C:\Program Files\Python312\Lib\sysconfig.py first seen with mtime 1712667018.0
File C:\Program Files\Python312\Lib\ctypes\wintypes.py first seen with mtime 1712667018.0
File D:\Code\Django\MyDjango\.venv\Lib\site-packages\django\utils\functional.py first seen with mtime 1728037749.1851456
File D:\Code\Django\MyDjango\.venv\Lib\site-packages\django\contrib\staticfiles\views.py first seen with mtime 1728037748.868145
File C:\Program Files\Python312\Lib\email\_header_value_parser.py first seen with mtime 1712667018.0
File D:\Code\Django\MyDjango\.venv\Lib\site-packages\django\contrib\staticfiles\apps.py first seen with mtime 1728037748.8571448
File D:\Code\Django\MyDjango\.venv\Lib\site-packages\django\template\autoreload.py first seen with mtime 1728037749.1561446
File D:\Code\Django\MyDjango\.venv\Lib\site-packages\django\core\files\storage\mixins.py first seen with mtime 1728037748.9961474
File D:\Code\Django\MyDjango\.venv\Lib\site-packages\django\forms\formsets.py first seen with mtime 1728037749.1111486
File C:\Program Files\Python312\DLLs\_zoneinfo.pyd first seen with mtime 1712667062.0
File C:\Program Files\Python312\Lib\email\header.py first seen with mtime 1712667018.0
File D:\Code\Django\MyDjango\.venv\Lib\site-packages\django\contrib\admin\__init__.py first seen with mtime 1728037744.6126387
File D:\Code\Django\MyDjango\.venv\Lib\site-packages\django\__init__.py first seen with mtime 1728037744.402638
File D:\Code\Django\MyDjango\.venv\Lib\site-packages\django\core\management\color.py first seen with mtime 1728037749.0071447
File D:\Code\Django\MyDjango\.venv\Lib\site-packages\django\db\models\functions\mixins.py first seen with mtime 1728037749.1031446
File C:\Program Files\Python312\Lib\glob.py first seen with mtime 1712667018.0
File D:\Code\Django\MyDjango\.venv\Lib\site-packages\django\core\cache\backends\filebased.py first seen with mtime 1728037748.9261453
File C:\Program Files\Python312\Lib\quopri.py first seen with mtime 1712667018.0
File C:\Program Files\Python312\Lib\re\__init__.py first seen with mtime 1712667018.0
File C:\Program Files\Python312\Lib\asyncio\protocols.py first seen with mtime 1712667018.0
File D:\Code\Django\MyDjango\.venv\Lib\site-packages\django\http\multipartparser.py first seen with mtime 1728037749.1501443
File C:\Program Files\Python312\Lib\tokenize.py first seen with mtime 1712667018.0
File C:\Program Files\Python312\Lib\collections\abc.py first seen with mtime 1712667018.0
File C:\Program Files\Python312\Lib\difflib.py first seen with mtime 1712667018.0
File D:\Code\Django\MyDjango\.venv\Lib\site-packages\django\db\models\expressions.py first seen with mtime 1728037749.0911453
File D:\Code\Django\MyDjango\.venv\Lib\site-packages\django\db\backends\base\operations.py first seen with mtime 1728037749.0361445
File D:\Code\Django\MyDjango\.venv\Lib\site-packages\django\db\models\fields\proxy.py first seen with mtime 1728037749.098145
File D:\Code\Django\MyDjango\.venv\Lib\site-packages\django\views\decorators\__init__.py first seen with mtime 1728037749.2001455
File C:\Program Files\Python312\Lib\sqlite3\dbapi2.py first seen with mtime 1712667018.0
File D:\Code\Django\MyDjango\.venv\Lib\site-packages\django\db\__init__.py first seen with mtime 1728037749.0291457
File D:\Code\Django\MyDjango\.venv\Lib\site-packages\django\db\models\indexes.py first seen with mtime 1728037749.0911453
File C:\Program Files\Python312\Lib\email\generator.py first seen with mtime 1712667018.0
File C:\Program Files\Python312\DLLs\_lzma.pyd first seen with mtime 1712667062.0
File D:\Code\Django\MyDjango\.venv\Lib\site-packages\django\core\management\commands\runserver.py first seen with mtime 1728037749.0181448
File D:\Code\Django\MyDjango\.venv\Lib\site-packages\django\db\models\functions\__init__.py first seen with mtime 1728037749.1011481
File C:\Program Files\Python312\Lib\uuid.py first seen with mtime 1712667018.0
File D:\Code\Django\MyDjango\.venv\Lib\site-packages\django\contrib\admin\models.py first seen with mtime 1728037744.616639
File D:\Code\Django\MyDjango\.venv\Lib\site-packages\django\db\models\constants.py first seen with mtime 1728037749.0881455
File D:\Code\Django\MyDjango\.venv\Lib\site-packages\django\db\models\sql\__init__.py first seen with mtime 1728037749.104144
File D:\Code\Django\MyDjango\.venv\Lib\site-packages\django\contrib\auth\models.py first seen with mtime 1728037745.0916367
File D:\Code\Django\MyDjango\.venv\Lib\site-packages\django\db\backends\base\base.py first seen with mtime 1728037749.0321448
File D:\Code\Django\MyDjango\.venv\Lib\site-packages\django\db\migrations\state.py first seen with mtime 1728037749.0821455
File C:\Program Files\Python312\Lib\re\_parser.py first seen with mtime 1712667018.0
File D:\Code\Django\MyDjango\.venv\Lib\site-packages\django\contrib\messages\constants.py first seen with mtime 1728037747.2746365
File D:\Code\Django\MyDjango\.venv\Lib\site-packages\django\core\files\storage\base.py first seen with mtime 1728037748.9941466
File D:\Code\Django\MyDjango\.venv\Lib\site-packages\django\utils\translation\__init__.py first seen with mtime 1728037749.1941462
File D:\Code\Django\MyDjango\.venv\Lib\site-packages\django\utils\decorators.py first seen with mtime 1728037749.183146
File C:\Program Files\Python312\Lib\email\policy.py first seen with mtime 1712667018.0
File C:\Program Files\Python312\Lib\email\errors.py first seen with mtime 1712667018.0
File D:\Code\Django\MyDjango\.venv\Lib\site-packages\django\contrib\admin\templatetags\__init__.py first seen with mtime 1728037744.9526408
File D:\Code\Django\MyDjango\.venv\Lib\site-packages\django\db\backends\sqlite3\features.py first seen with mtime 1728037749.0741448
File D:\Code\Django\MyDjango\.venv\Lib\site-packages\django\contrib\staticfiles\handlers.py first seen with mtime 1728037748.8631442
File D:\Code\Django\MyDjango\.venv\Lib\site-packages\django\contrib\staticfiles\management\__init__.py first seen with mtime 1728037748.870145
File D:\Code\Django\MyDjango\.venv\Lib\site-packages\django\templatetags\__init__.py first seen with mtime 1728037749.1671455
File D:\Code\Django\MyDjango\.venv\Lib\site-packages\django\views\__init__.py first seen with mtime 1728037749.1971462
File D:\Code\Django\MyDjango\.venv\Lib\site-packages\django\core\serializers\__init__.py first seen with mtime 1728037749.0241454
File C:\Program Files\Python312\Lib\asyncio\trsock.py first seen with mtime 1712667018.0
File D:\Code\Django\MyDjango\.venv\Lib\site-packages\django\core\mail\utils.py first seen with mtime 1728037749.0011451
File D:\Code\Django\MyDjango\.venv\Lib\site-packages\django\contrib\admin\exceptions.py first seen with mtime 1728037744.6146386
File C:\Program Files\Python312\Lib\tempfile.py first seen with mtime 1712667018.0
File D:\Code\Django\MyDjango\.venv\Lib\site-packages\django\template\loaders\app_directories.py first seen with mtime 1728037749.1651456
File C:\Program Files\Python312\Lib\bz2.py first seen with mtime 1712667018.0
File C:\Program Files\Python312\Lib\dis.py first seen with mtime 1712667018.0
File D:\Code\Django\MyDjango\.venv\Lib\site-packages\django\db\backends\utils.py first seen with mtime 1728037749.031145
File D:\Code\Django\MyDjango\.venv\Lib\site-packages\django\contrib\auth\tokens.py first seen with mtime 1728037745.093638
File D:\Code\Django\MyDjango\.venv\Lib\site-packages\django\contrib\auth\forms.py first seen with mtime 1728037745.089638
File D:\Code\Django\MyDjango\.venv\Lib\site-packages\django\contrib\sessions\base_session.py first seen with mtime 1728037747.802145
File D:\Code\Django\MyDjango\.venv\Lib\site-packages\asgiref\local.py first seen with mtime 1728037744.1726377
File D:\Code\Django\MyDjango\.venv\Lib\site-packages\django\db\migrations\utils.py first seen with mtime 1728037749.0821455
File D:\Code\Django\MyDjango\.venv\Lib\site-packages\django\template\context.py first seen with mtime 1728037749.1571448
File D:\Code\Django\MyDjango\.venv\Lib\site-packages\django\core\checks\security\base.py first seen with mtime 1728037748.9751449
File C:\Program Files\Python312\Lib\textwrap.py first seen with mtime 1712667018.0
File C:\Program Files\Python312\Lib\ctypes\_endian.py first seen with mtime 1712667018.0
File D:\Code\Django\MyDjango\.venv\Lib\site-packages\django\http\__init__.py first seen with mtime 1728037749.149145
File D:\Code\Django\MyDjango\.venv\Lib\site-packages\sqlparse\filters\output.py first seen with mtime 1728037743.9586375
File D:\Code\Django\MyDjango\.venv\Lib\site-packages\django\urls\converters.py first seen with mtime 1728037749.175147
File D:\Code\Django\MyDjango\.venv\Lib\site-packages\django\core\files\locks.py first seen with mtime 1728037748.9831438
File C:\Program Files\Python312\Lib\asyncio\transports.py first seen with mtime 1712667018.0
File D:\Code\Django\MyDjango\cms_content\apps.py first seen with mtime 1728049371.5502434
File D:\Code\Django\MyDjango\.venv\Lib\site-packages\django\core\handlers\wsgi.py first seen with mtime 1728037748.9991446
File C:\Program Files\Python312\Lib\opcode.py first seen with mtime 1712667018.0
File D:\Code\Django\MyDjango\.venv\Lib\site-packages\django\db\models\deletion.py first seen with mtime 1728037749.0891452
File D:\Code\Django\MyDjango\.venv\Lib\site-packages\django\dispatch\dispatcher.py first seen with mtime 1728037749.108145
File D:\Code\Django\MyDjango\.venv\Lib\site-packages\django\template\backends\django.py first seen with mtime 1728037749.1631448
File D:\Code\Django\MyDjango\.venv\Lib\site-packages\django\utils\autoreload.py first seen with mtime 1728037749.1781454
File D:\Code\Django\MyDjango\.venv\Lib\site-packages\django\forms\boundfield.py first seen with mtime 1728037749.1101449
File C:\Program Files\Python312\Lib\__future__.py first seen with mtime 1712667018.0
File D:\Code\Django\MyDjango\.venv\Lib\site-packages\django\db\models\fields\files.py first seen with mtime 1728037749.0971453
File C:\Program Files\Python312\Lib\wsgiref\__init__.py first seen with mtime 1712667018.0
File C:\Program Files\Python312\DLLs\_uuid.pyd first seen with mtime 1712667062.0
File D:\Code\Django\MyDjango\.venv\Lib\site-packages\django\contrib\__init__.py first seen with mtime 1728037744.6126387
File D:\Code\Django\MyDjango\.venv\Lib\site-packages\django\core\mail\__init__.py first seen with mtime 1728037749.0001462
File D:\Code\Django\MyDjango\.venv\Lib\site-packages\django\utils\dateparse.py first seen with mtime 1728037749.1821458
File D:\Code\Django\MyDjango\.venv\Lib\site-packages\django\db\backends\base\__init__.py first seen with mtime 1728037749.031145
File D:\Code\Django\MyDjango\.venv\Lib\site-packages\django\contrib\admin\decorators.py first seen with mtime 1728037744.6146386
File C:\Program Files\Python312\DLLs\_ssl.pyd first seen with mtime 1712667062.0
File D:\Code\Django\MyDjango\.venv\Lib\site-packages\django\db\models\functions\text.py first seen with mtime 1728037749.1031446
File C:\Program Files\Python312\Lib\logging\config.py first seen with mtime 1712667018.0
File C:\Program Files\Python312\Lib\statistics.py first seen with mtime 1712667018.0
File D:\Code\Django\MyDjango\.venv\Lib\site-packages\django\template\backends\__init__.py first seen with mtime 1728037749.1621456
File C:\Program Files\Python312\Lib\selectors.py first seen with mtime 1712667018.0
File D:\Code\Django\MyDjango\.venv\Lib\site-packages\django\utils\deconstruct.py first seen with mtime 1728037749.1821458
File D:\Code\Django\MyDjango\.venv\Lib\site-packages\django\core\handlers\__init__.py first seen with mtime 1728037748.9961474
File D:\Code\Django\MyDjango\.venv\Lib\site-packages\django\forms\renderers.py first seen with mtime 1728037749.1131456
File C:\Program Files\Python312\Lib\asyncio\runners.py first seen with mtime 1712667018.0
File D:\Code\Django\MyDjango\.venv\Lib\site-packages\django\contrib\staticfiles\finders.py first seen with mtime 1728037748.8621454
File D:\Code\Django\MyDjango\.venv\Lib\site-packages\django\db\backends\sqlite3\operations.py first seen with mtime 1728037749.075145
File D:\Code\Django\MyDjango\.venv\Lib\site-packages\django\utils\_os.py first seen with mtime 1728037749.177145
File C:\Program Files\Python312\Lib\warnings.py first seen with mtime 1712667018.0
File D:\Code\Django\MyDjango\.venv\Lib\site-packages\django\core\servers\basehttp.py first seen with mtime 1728037749.028147
File C:\Program Files\Python312\Lib\socketserver.py first seen with mtime 1712667018.0
File C:\Program Files\Python312\DLLs\_decimal.pyd first seen with mtime 1712667062.0
File D:\Code\Django\MyDjango\.venv\Lib\site-packages\django\template\loaders\cached.py first seen with mtime 1728037749.1651456
File C:\Program Files\Python312\Lib\json\decoder.py first seen with mtime 1712667018.0
File D:\Code\Django\MyDjango\.venv\Lib\site-packages\django\db\models\fields\related_lookups.py first seen with mtime 1728037749.1001477
File C:\Program Files\Python312\Lib\asyncio\base_subprocess.py first seen with mtime 1712667018.0
File D:\Code\Django\MyDjango\.venv\Lib\site-packages\django\contrib\staticfiles\checks.py first seen with mtime 1728037748.8611448
File D:\Code\Django\MyDjango\.venv\Lib\site-packages\django\middleware\csrf.py first seen with mtime 1728037749.1531453
File C:\Program Files\Python312\Lib\concurrent\futures\thread.py first seen with mtime 1712667018.0
File D:\Code\Django\MyDjango\.venv\Lib\site-packages\django\contrib\messages\storage\__init__.py first seen with mtime 1728037747.2816372
File D:\Code\Django\MyDjango\.venv\Lib\site-packages\django\urls\exceptions.py first seen with mtime 1728037749.175147
File C:\Program Files\Python312\Lib\wsgiref\simple_server.py first seen with mtime 1712667018.0
File D:\Code\Django\MyDjango\.venv\Lib\site-packages\django\contrib\sessions\__init__.py first seen with mtime 1728037747.800148
File C:\Program Files\Python312\Lib\email\iterators.py first seen with mtime 1712667018.0
File D:\Code\Django\MyDjango\.venv\Lib\site-packages\django\db\migrations\operations\__init__.py first seen with mtime 1728037749.083145
File C:\Program Files\Python312\Lib\asyncio\queues.py first seen with mtime 1712667018.0
File D:\Code\Django\MyDjango\.venv\Lib\site-packages\django\core\checks\security\__init__.py first seen with mtime 1728037748.9731445
File C:\Program Files\Python312\Lib\re\_constants.py first seen with mtime 1712667018.0
File D:\Code\Django\MyDjango\.venv\Lib\site-packages\django\db\backends\sqlite3\__init__.py first seen with mtime 1728037749.0711453
File D:\Code\Django\MyDjango\.venv\Lib\site-packages\django\contrib\admin\apps.py first seen with mtime 1728037744.6136377
File D:\Code\Django\MyDjango\.venv\Lib\site-packages\django\db\models\functions\math.py first seen with mtime 1728037749.1021461
File C:\Program Files\Python312\Lib\asyncio\staggered.py first seen with mtime 1712667018.0
File D:\Code\Django\MyDjango\.venv\Lib\site-packages\django\utils\version.py first seen with mtime 1728037749.193146
File C:\Program Files\Python312\Lib\importlib\__init__.py first seen with mtime 1712667018.0
File D:\Code\Django\MyDjango\.venv\Lib\site-packages\django\db\models\fields\related.py first seen with mtime 1728037749.0991466
File D:\Code\Django\MyDjango\.venv\Lib\site-packages\django\core\wsgi.py first seen with mtime 1728037748.9151447
File C:\Program Files\Python312\Lib\json\encoder.py first seen with mtime 1712667018.0
File D:\Code\Django\MyDjango\.venv\Lib\site-packages\django\contrib\sites\requests.py first seen with mtime 1728037748.1461453
File D:\Code\Django\MyDjango\.venv\Lib\site-packages\django\contrib\staticfiles\utils.py first seen with mtime 1728037748.868145
File D:\Code\Django\MyDjango\.venv\Lib\site-packages\django\core\management\__init__.py first seen with mtime 1728037749.0061448
File C:\Program Files\Python312\Lib\pkgutil.py first seen with mtime 1712667018.0
File D:\Code\Django\MyDjango\.venv\Lib\site-packages\sqlparse\filters\others.py first seen with mtime 1728037743.9586375
File C:\Program Files\Python312\Lib\asyncio\format_helpers.py first seen with mtime 1712667018.0
File C:\Program Files\Python312\Lib\asyncio\base_tasks.py first seen with mtime 1712667018.0
File D:\Code\Django\MyDjango\.venv\Lib\site-packages\django\contrib\admin\templatetags\log.py first seen with mtime 1728037744.9546382
File C:\Program Files\Python312\Lib\platform.py first seen with mtime 1712667018.0
File D:\Code\Django\MyDjango\.venv\Lib\site-packages\django\template\loaders\base.py first seen with mtime 1728037749.1651456
File D:\Code\Django\MyDjango\.venv\Lib\site-packages\sqlparse\formatter.py first seen with mtime 1728037743.9526377
File C:\Program Files\Python312\Lib\operator.py first seen with mtime 1712667018.0
File D:\Code\Django\MyDjango\.venv\Lib\site-packages\sqlparse\tokens.py first seen with mtime 1728037743.9546368
File D:\Code\Django\MyDjango\.venv\Lib\site-packages\django\middleware\__init__.py first seen with mtime 1728037749.151145
File D:\Code\Django\MyDjango\.venv\Lib\site-packages\django\contrib\admin\templatetags\base.py first seen with mtime 1728037744.9546382
File D:\Code\Django\MyDjango\.venv\Lib\site-packages\django\templatetags\i18n.py first seen with mtime 1728037749.1681452
File D:\Code\Django\MyDjango\.venv\Lib\site-packages\django\core\files\storage\memory.py first seen with mtime 1728037748.9951472
File D:\Code\Django\MyDjango\.venv\Lib\site-packages\django\urls\base.py first seen with mtime 1728037749.1741455
File C:\Program Files\Python312\Lib\mimetypes.py first seen with mtime 1712667018.0
File C:\Program Files\Python312\Lib\encodings\aliases.py first seen with mtime 1712667018.0
File D:\Code\Django\MyDjango\.venv\Lib\site-packages\django\db\backends\sqlite3\client.py first seen with mtime 1728037749.0741448
File D:\Code\Django\MyDjango\.venv\Lib\site-packages\sqlparse\engine\grouping.py first seen with mtime 1728037743.9566374
File D:\Code\Django\MyDjango\.venv\Lib\site-packages\django\contrib\admin\sites.py first seen with mtime 1728037744.6186404
File D:\Code\Django\MyDjango\.venv\Lib\site-packages\django\utils\deprecation.py first seen with mtime 1728037749.183146
File D:\Code\Django\MyDjango\.venv\Lib\site-packages\django\core\checks\compatibility\django_4_0.py first seen with mtime 1728037748.9701452
File D:\Code\Django\MyDjango\.venv\Lib\site-packages\django\db\backends\sqlite3\introspection.py first seen with mtime 1728037749.075145
File D:\Code\Django\MyDjango\.venv\Lib\site-packages\django\db\backends\sqlite3\schema.py first seen with mtime 1728037749.0761452
File D:\Code\Django\MyDjango\.venv\Lib\site-packages\django\shortcuts.py first seen with mtime 1728037744.403638
File C:\Program Files\Python312\Lib\asyncio\events.py first seen with mtime 1712667018.0
File C:\Program Files\Python312\Lib\asyncio\taskgroups.py first seen with mtime 1712667018.0
File D:\Code\Django\MyDjango\.venv\Lib\site-packages\django\core\management\commands\__init__.py first seen with mtime 1728037749.011145
File C:\Program Files\Python312\Lib\asyncio\exceptions.py first seen with mtime 1712667018.0
File D:\Code\Django\MyDjango\.venv\Lib\site-packages\sqlparse\utils.py first seen with mtime 1728037743.9546368
File C:\Program Files\Python312\Lib\email\message.py first seen with mtime 1712667018.0
File C:\Program Files\Python312\Lib\_markupbase.py first seen with mtime 1712667018.0
File D:\Code\Django\MyDjango\.venv\Lib\site-packages\django\utils\choices.py first seen with mtime 1728037749.1801453
File C:\Program Files\Python312\Lib\ast.py first seen with mtime 1712667018.0
File C:\Program Files\Python312\Lib\asyncio\streams.py first seen with mtime 1712667018.0
File D:\Code\Django\MyDjango\.venv\Lib\site-packages\sqlparse\keywords.py first seen with mtime 1728037743.9526377
File C:\Program Files\Python312\Lib\re\_compiler.py first seen with mtime 1712667018.0
File D:\Code\Django\MyDjango\.venv\Lib\site-packages\django\templatetags\static.py first seen with mtime 1728037749.1681452
File D:\Code\Django\MyDjango\.venv\Lib\site-packages\sqlparse\filters\reindent.py first seen with mtime 1728037743.9586375
File D:\Code\Django\MyDjango\.venv\Lib\site-packages\django\core\cache\backends\__init__.py first seen with mtime 1728037748.9211447
File D:\Code\Django\MyDjango\.venv\Lib\site-packages\asgiref\current_thread_executor.py first seen with mtime 1728037744.1726377
File C:\Program Files\Python312\Lib\encodings\__init__.py first seen with mtime 1712667018.0
File D:\Code\Django\MyDjango\.venv\Lib\site-packages\django\utils\tree.py first seen with mtime 1728037749.193146
File D:\Code\Django\MyDjango\.venv\Lib\site-packages\django\middleware\cache.py first seen with mtime 1728037749.1521444
File D:\Code\Django\MyDjango\.venv\Lib\site-packages\django\db\backends\sqlite3\creation.py first seen with mtime 1728037749.0741448
File D:\Code\Django\MyDjango\.venv\Lib\site-packages\django\utils\log.py first seen with mtime 1728037749.1881454
File D:\Code\Django\MyDjango\.venv\Lib\site-packages\django\core\checks\compatibility\__init__.py first seen with mtime 1728037748.969146
File D:\Code\Django\MyDjango\.venv\Lib\site-packages\django\core\files\images.py first seen with mtime 1728037748.9811442
File D:\Code\Django\MyDjango\.venv\Lib\site-packages\django\db\models\options.py first seen with mtime 1728037749.093145
File C:\Program Files\Python312\DLLs\_asyncio.pyd first seen with mtime 1712667062.0
File D:\Code\Django\MyDjango\.venv\Lib\site-packages\django\urls\__init__.py first seen with mtime 1728037749.1731448
File C:\Program Files\Python312\Lib\asyncio\sslproto.py first seen with mtime 1712667018.0
File C:\Program Files\Python312\Lib\zoneinfo\__init__.py first seen with mtime 1712667018.0
File D:\Code\Django\MyDjango\.venv\Lib\site-packages\django\core\checks\files.py first seen with mtime 1728037748.9601476
File D:\Code\Django\MyDjango\.venv\Lib\site-packages\django\contrib\messages\__init__.py first seen with mtime 1728037747.2696476
File C:\Program Files\Python312\Lib\reprlib.py first seen with mtime 1712667018.0
File C:\Program Files\Python312\DLLs\_sqlite3.pyd first seen with mtime 1712667062.0
File D:\Code\Django\MyDjango\.venv\Lib\site-packages\django\views\decorators\cache.py first seen with mtime 1728037749.201146
File C:\Program Files\Python312\Lib\email\parser.py first seen with mtime 1712667018.0
File D:\Code\Django\MyDjango\.venv\Lib\site-packages\django\apps\registry.py first seen with mtime 1728037744.4056396
File D:\Code\Django\MyDjango\.venv\Lib\site-packages\django\db\backends\base\features.py first seen with mtime 1728037749.0341444
File D:\Code\Django\MyDjango\.venv\Lib\site-packages\django\core\exceptions.py first seen with mtime 1728037748.8871436
File D:\Code\Django\MyDjango\.venv\Lib\site-packages\django\utils\datastructures.py first seen with mtime 1728037749.1811452
File D:\Code\Django\MyDjango\.venv\Lib\site-packages\django\db\models\functions\window.py first seen with mtime 1728037749.104144
File C:\Program Files\Python312\Lib\copy.py first seen with mtime 1712667018.0
File D:\Code\Django\MyDjango\.venv\Lib\site-packages\django\template\response.py first seen with mtime 1728037749.1611447
File D:\Code\Django\MyDjango\.venv\Lib\site-packages\django\utils\inspect.py first seen with mtime 1728037749.1871452
File D:\Code\Django\MyDjango\.venv\Lib\site-packages\django\utils\crypto.py first seen with mtime 1728037749.1801453
File D:\Code\Django\MyDjango\.venv\Lib\site-packages\django\core\checks\async_checks.py first seen with mtime 1728037748.9541447
File C:\Program Files\Python312\Lib\datetime.py first seen with mtime 1712667018.0
File D:\Code\Django\MyDjango\.venv\Lib\site-packages\django\db\models\fields\json.py first seen with mtime 1728037749.098145
File D:\Code\Django\MyDjango\.venv\Lib\site-packages\django\db\models\utils.py first seen with mtime 1728037749.0951447
File C:\Program Files\Python312\Lib\importlib\_abc.py first seen with mtime 1712667018.0
File C:\Program Files\Python312\Lib\inspect.py first seen with mtime 1712667018.0
File D:\Code\Django\MyDjango\.venv\Lib\site-packages\django\template\smartif.py first seen with mtime 1728037749.1611447
File C:\Program Files\Python312\DLLs\_wmi.pyd first seen with mtime 1712667062.0
File D:\Code\Django\MyDjango\.venv\Lib\site-packages\django\core\checks\messages.py first seen with mtime 1728037748.9611447
File D:\Code\Django\MyDjango\.venv\Lib\site-packages\django\db\models\manager.py first seen with mtime 1728037749.092145
File C:\Program Files\Python312\Lib\multiprocessing\reduction.py first seen with mtime 1712667018.0
File D:\Code\Django\MyDjango\.venv\Lib\site-packages\sqlparse\engine\__init__.py first seen with mtime 1728037743.9556375
File C:\Program Files\Python312\Lib\hashlib.py first seen with mtime 1712667018.0
File C:\Program Files\Python312\Lib\signal.py first seen with mtime 1712667018.0
File D:\Code\Django\MyDjango\.venv\Lib\site-packages\django\contrib\auth\backends.py first seen with mtime 1728037745.0876377
File C:\Program Files\Python312\Lib\http\cookies.py first seen with mtime 1712667018.0
File D:\Code\Django\MyDjango\.venv\Lib\site-packages\sqlparse\engine\statement_splitter.py first seen with mtime 1728037743.9566374
File C:\Program Files\Python312\Lib\_compression.py first seen with mtime 1712667018.0
File D:\Code\Django\MyDjango\.venv\Lib\site-packages\django\template\__init__.py first seen with mtime 1728037749.155145
File D:\Code\Django\MyDjango\.venv\Lib\site-packages\django\core\checks\caches.py first seen with mtime 1728037748.9561448
File D:\Code\Django\MyDjango\.venv\Lib\site-packages\django\db\migrations\operations\models.py first seen with mtime 1728037749.086145
File D:\Code\Django\MyDjango\.venv\Lib\site-packages\django\contrib\sites\shortcuts.py first seen with mtime 1728037748.1461453
File C:\Program Files\Python312\Lib\wsgiref\headers.py first seen with mtime 1712667018.0
File C:\Program Files\Python312\Lib\threading.py first seen with mtime 1712667018.0
File C:\Program Files\Python312\Lib\logging\handlers.py first seen with mtime 1712667018.0
File C:\Program Files\Python312\Lib\urllib\response.py first seen with mtime 1712667018.0
File C:\Program Files\Python312\Lib\asyncio\selector_events.py first seen with mtime 1712667018.0
File C:\Program Files\Python312\Lib\email\quoprimime.py first seen with mtime 1712667018.0
File C:\Program Files\Python312\Lib\asyncio\tasks.py first seen with mtime 1712667018.0
File D:\Code\Django\MyDjango\.venv\Lib\site-packages\django\db\models\aggregates.py first seen with mtime 1728037749.087145
File C:\Program Files\Python312\Lib\argparse.py first seen with mtime 1712667018.0
File D:\Code\Django\MyDjango\.venv\Lib\site-packages\django\forms\models.py first seen with mtime 1728037749.1121452
File D:\Code\Django\MyDjango\.venv\Lib\site-packages\django\core\paginator.py first seen with mtime 1728037748.890145
File D:\Code\Django\MyDjango\.venv\Lib\site-packages\django\utils\duration.py first seen with mtime 1728037749.183146
File D:\Code\Django\MyDjango\.venv\Lib\site-packages\django\contrib\admin\utils.py first seen with mtime 1728037744.6196394
File C:\Program Files\Python312\Lib\urllib\request.py first seen with mtime 1712667018.0
File D:\Code\Django\MyDjango\.venv\Lib\site-packages\django\db\migrations\operations\special.py first seen with mtime 1728037749.086145
File D:\Code\Django\MyDjango\.venv\Lib\site-packages\django\templatetags\tz.py first seen with mtime 1728037749.1691456
File C:\Program Files\Python312\Lib\keyword.py first seen with mtime 1712667018.0
File C:\Program Files\Python312\Lib\graphlib.py first seen with mtime 1712667018.0
File D:\Code\Django\MyDjango\.venv\Lib\site-packages\django\db\models\sql\where.py first seen with mtime 1728037749.1071446
File D:\Code\Django\MyDjango\.venv\Lib\site-packages\django\db\models\fields\generated.py first seen with mtime 1728037749.0971453
File D:\Code\Django\MyDjango\.venv\Lib\site-packages\django\contrib\sites\__init__.py first seen with mtime 1728037748.141145
File D:\Code\Django\MyDjango\.venv\Lib\site-packages\django\utils\module_loading.py first seen with mtime 1728037749.1891453
File C:\Program Files\Python312\DLLs\_overlapped.pyd first seen with mtime 1712667062.0
File D:\Code\Django\MyDjango\.venv\Lib\site-packages\django\utils\translation\reloader.py first seen with mtime 1728037749.195146
File D:\Code\Django\MyDjango\.venv\Lib\site-packages\django\contrib\admin\views\main.py first seen with mtime 1728037744.9566376
File D:\Code\Django\MyDjango\.venv\Lib\site-packages\django\views\generic\edit.py first seen with mtime 1728037749.2071474
File D:\Code\Django\MyDjango\.venv\Lib\site-packages\django\db\migrations\migration.py first seen with mtime 1728037749.0801442
File C:\Program Files\Python312\Lib\email\mime\message.py first seen with mtime 1712667018.0
File C:\Program Files\Python312\Lib\html\entities.py first seen with mtime 1712667018.0
File C:\Program Files\Python312\Lib\email\headerregistry.py first seen with mtime 1712667018.0
File C:\Program Files\Python312\Lib\heapq.py first seen with mtime 1712667018.0
File C:\Program Files\Python312\Lib\email\_policybase.py first seen with mtime 1712667018.0
File C:\Program Files\Python312\Lib\email\_parseaddr.py first seen with mtime 1712667018.0
File D:\Code\Django\MyDjango\cms_settings\admin.py first seen with mtime 1728049307.6148374
File C:\Program Files\Python312\Lib\asyncio\threads.py first seen with mtime 1712667018.0
File D:\Code\Django\MyDjango\.venv\Lib\site-packages\django\core\checks\database.py first seen with mtime 1728037748.9571445
File C:\Program Files\Python312\Lib\random.py first seen with mtime 1712667018.0
File C:\Program Files\Python312\Lib\subprocess.py first seen with mtime 1712667018.0
File D:\Code\Django\MyDjango\.venv\Lib\site-packages\django\urls\resolvers.py first seen with mtime 1728037749.1761458
File D:\Code\Django\MyDjango\.venv\Lib\site-packages\django\core\cache\utils.py first seen with mtime 1728037748.9191446
File C:\Program Files\Python312\Lib\asyncio\windows_utils.py first seen with mtime 1712667018.0
File D:\Code\Django\MyDjango\.venv\Lib\site-packages\django\core\files\storage\handler.py first seen with mtime 1728037748.9951472
File D:\Code\Django\MyDjango\.venv\Lib\site-packages\django\core\validators.py first seen with mtime 1728037748.9141543
File D:\Code\Django\MyDjango\.venv\Lib\site-packages\django\contrib\contenttypes\checks.py first seen with mtime 1728037746.0016367
File C:\Program Files\Python312\Lib\re\_casefix.py first seen with mtime 1712667018.0
File D:\Code\Django\MyDjango\.venv\Lib\site-packages\django\core\cache\backends\base.py first seen with mtime 1728037748.9221468
File D:\Code\Django\MyDjango\.venv\Lib\site-packages\django\contrib\staticfiles\management\commands\runserver.py first seen with mtime 1728037748.878147
File D:\Code\Django\MyDjango\.venv\Lib\site-packages\django\core\handlers\asgi.py first seen with mtime 1728037748.9971468
File C:\Program Files\Python312\Lib\urllib\__init__.py first seen with mtime 1712667018.0
File D:\Code\Django\MyDjango\.venv\Lib\site-packages\django\template\library.py first seen with mtime 1728037749.160145
File D:\Code\Django\MyDjango\MyDjango\wsgi.py first seen with mtime 1728037754.257146
File D:\Code\Django\MyDjango\.venv\Lib\site-packages\django\views\defaults.py first seen with mtime 1728037749.198146
File C:\Program Files\Python312\Lib\encodings\idna.py first seen with mtime 1712667018.0
File D:\Code\Django\MyDjango\.venv\Lib\site-packages\django\contrib\auth\migrations\__init__.py first seen with mtime 1728037745.993637
File D:\Code\Django\MyDjango\.venv\Lib\site-packages\django\contrib\contenttypes\migrations\0002_remove_content_type_name.py first seen with mtime 1728037746.358637
File C:\Program Files\Python312\Lib\stringprep.py first seen with mtime 1712667018.0
File D:\Code\Django\MyDjango\.venv\Lib\site-packages\django\contrib\auth\migrations\0011_update_proxy_permissions.py first seen with mtime 1728037745.991637
File D:\Code\Django\MyDjango\cms_settings\migrations\0004_delete_page.py first seen with mtime 1728049326.375072
File D:\Code\Django\MyDjango\cms_content\migrations\0001_initial.py first seen with mtime 1728049183.6373825
File D:\Code\Django\MyDjango\.venv\Lib\site-packages\django\contrib\sessions\backends\base.py first seen with mtime 1728037747.8081446
File D:\Code\Django\MyDjango\.venv\Lib\site-packages\django\contrib\sessions\backends\db.py first seen with mtime 1728037747.8111446
File D:\Code\Django\MyDjango\.venv\Lib\site-packages\django\db\migrations\loader.py first seen with mtime 1728037749.079146
File D:\Code\Django\MyDjango\.venv\Lib\site-packages\django\contrib\auth\migrations\0004_alter_user_username_opts.py first seen with mtime 1728037745.9866369
File D:\Code\Django\MyDjango\.venv\Lib\site-packages\django\contrib\auth\migrations\0009_alter_user_last_name_max_length.py first seen with mtime 1728037745.991637
File D:\Code\Django\MyDjango\.venv\Lib\site-packages\django\contrib\auth\migrations\0007_alter_validators_add_error_messages.py first seen with mtime 1728037745.9886377
File D:\Code\Django\MyDjango\.venv\Lib\site-packages\django\contrib\auth\migrations\0005_alter_user_last_login_null.py first seen with mtime 1728037745.987638
File D:\Code\Django\MyDjango\cms_settings\migrations\__init__.py first seen with mtime 1728037756.747147
File D:\Code\Django\MyDjango\.venv\Lib\site-packages\django\core\cache\backends\locmem.py first seen with mtime 1728037748.9441447
File D:\Code\Django\MyDjango\.venv\Lib\site-packages\django\contrib\contenttypes\migrations\0001_initial.py first seen with mtime 1728037746.3566377
File D:\Code\Django\MyDjango\.venv\Lib\site-packages\django\contrib\sessions\backends\__init__.py first seen with mtime 1728037747.8061442
File D:\Code\Django\MyDjango\.venv\Lib\site-packages\django\contrib\admin\migrations\__init__.py first seen with mtime 1728037744.8516378
File D:\Code\Django\MyDjango\.venv\Lib\site-packages\django\db\migrations\executor.py first seen with mtime 1728037749.0781446
File D:\Code\Django\MyDjango\.venv\Lib\site-packages\django\contrib\admin\migrations\0001_initial.py first seen with mtime 1728037744.8506372
File D:\Code\Django\MyDjango\.venv\Lib\site-packages\django\contrib\sessions\migrations\0001_initial.py first seen with mtime 1728037748.138145
File D:\Code\Django\MyDjango\.venv\Lib\site-packages\django\contrib\auth\migrations\0010_alter_group_name_max_length.py first seen with mtime 1728037745.991637
File D:\Code\Django\MyDjango\cms_content\migrations\0003_initial.py first seen with mtime 1728049326.375072
File D:\Code\Django\MyDjango\.venv\Lib\site-packages\django\conf\urls\__init__.py first seen with mtime 1728037744.6116385
File D:\Code\Django\MyDjango\.venv\Lib\site-packages\django\contrib\sessions\exceptions.py first seen with mtime 1728037747.802145
File D:\Code\Django\MyDjango\.venv\Lib\site-packages\django\contrib\auth\migrations\0012_alter_user_first_name_max_length.py first seen with mtime 1728037745.993637
File D:\Code\Django\MyDjango\.venv\Lib\site-packages\django\db\migrations\graph.py first seen with mtime 1728037749.0781446
File D:\Code\Django\MyDjango\.venv\Lib\site-packages\django\contrib\sessions\middleware.py first seen with mtime 1728037747.802145
File D:\Code\Django\MyDjango\.venv\Lib\site-packages\django\contrib\auth\migrations\0002_alter_permission_name_max_length.py first seen with mtime 1728037745.9836369
File D:\Code\Django\MyDjango\cms_content\migrations\0005_alter_page_order_alter_page_title.py first seen with mtime 1728052965.593221
File D:\Code\Django\MyDjango\.venv\Lib\site-packages\django\db\models\sql\compiler.py first seen with mtime 1728037749.1051447
File D:\Code\Django\MyDjango\.venv\Lib\site-packages\django\middleware\common.py first seen with mtime 1728037749.1531453
File D:\Code\Django\MyDjango\cms_content\migrations\0004_alter_page_order.py first seen with mtime 1728050065.0689664
File D:\Code\Django\MyDjango\.venv\Lib\site-packages\django\contrib\auth\migrations\0006_require_contenttypes_0002.py first seen with mtime 1728037745.9886377
File D:\Code\Django\MyDjango\.venv\Lib\site-packages\django\contrib\messages\middleware.py first seen with mtime 1728037747.2756374
File D:\Code\Django\MyDjango\.venv\Lib\site-packages\django\contrib\auth\migrations\0003_alter_user_email_max_length.py first seen with mtime 1728037745.9846375
File D:\Code\Django\MyDjango\.venv\Lib\site-packages\django\contrib\auth\migrations\0001_initial.py first seen with mtime 1728037745.9836369
File D:\Code\Django\MyDjango\.venv\Lib\site-packages\django\contrib\admin\migrations\0003_logentry_add_action_flag_choices.py first seen with mtime 1728037744.8516378
File D:\Code\Django\MyDjango\.venv\Lib\site-packages\django\db\migrations\recorder.py first seen with mtime 1728037749.0811455
File D:\Code\Django\MyDjango\.venv\Lib\site-packages\django\views\csrf.py first seen with mtime 1728037749.1971462
File D:\Code\Django\MyDjango\cms_content\migrations\__init__.py first seen with mtime 1728049019.5797656
File D:\Code\Django\MyDjango\.venv\Lib\site-packages\django\contrib\contenttypes\migrations\__init__.py first seen with mtime 1728037746.358637
File D:\Code\Django\MyDjango\.venv\Lib\site-packages\django\middleware\clickjacking.py first seen with mtime 1728037749.1521444
File D:\Code\Django\MyDjango\cms_settings\migrations\0003_initial.py first seen with mtime 1728049277.7719324
File D:\Code\Django\MyDjango\cms_content\migrations\0002_delete_page.py first seen with mtime 1728049277.7709312
File D:\Code\Django\MyDjango\.venv\Lib\site-packages\django\contrib\auth\migrations\0008_alter_user_username_max_length.py first seen with mtime 1728037745.9906366
File D:\Code\Django\MyDjango\.venv\Lib\site-packages\django\contrib\sessions\migrations\__init__.py first seen with mtime 1728037748.138145
File D:\Code\Django\MyDjango\cms_settings\migrations\0001_initial.py first seen with mtime 1728047989.8410652
File D:\Code\Django\MyDjango\.venv\Lib\site-packages\django\contrib\admin\migrations\0002_logentry_remove_auto_add.py first seen with mtime 1728037744.8516378
File D:\Code\Django\MyDjango\cms_settings\migrations\0002_delete_page.py first seen with mtime 1728049183.638381
(0.000) SELECT "django_session"."session_key", "django_session"."session_data", "django_session"."expire_date" FROM "django_session" WHERE ("django_session"."expire_date" > '2024-10-04 15:04:30.078584' AND "django_session"."session_key" = 'd4162b3guoimfrjdgga8zbyxvqv3hrjb') LIMIT 21; args=('2024-10-04 15:04:30.078584', 'd4162b3guoimfrjdgga8zbyxvqv3hrjb'); alias=default
(0.000) SELECT "auth_user"."id", "auth_user"."password", "auth_user"."last_login", "auth_user"."is_superuser", "auth_user"."username", "auth_user"."first_name", "auth_user"."last_name", "auth_user"."email", "auth_user"."is_staff", "auth_user"."is_active", "auth_user"."date_joined" FROM "auth_user" WHERE "auth_user"."id" = 1 LIMIT 21; args=(1,); alias=default
(0.000) SELECT COUNT(*) AS "__count" FROM "cms_content_page"; args=(); alias=default
(0.000) SELECT COUNT(*) AS "__count" FROM "cms_content_page"; args=(); alias=default
(0.000) SELECT "cms_content_page"."id", "cms_content_page"."title", "cms_content_page"."slug", "cms_content_page"."content", "cms_content_page"."parent_id", "cms_content_page"."published", "cms_content_page"."order", "cms_content_page"."meta_title", "cms_content_page"."meta_description", "cms_content_page"."meta_keywords" FROM "cms_content_page" ORDER BY "cms_content_page"."order" ASC, "cms_content_page"."title" ASC, "cms_content_page"."published" ASC; args=(); alias=default
"GET /admin/cms_content/page/?o=4.1.3 HTTP/1.1" 200 14422
"GET /static/admin/css/base.css HTTP/1.1" 304 0
"GET /static/admin/css/dark_mode.css HTTP/1.1" 304 0
"GET /static/admin/js/theme.js HTTP/1.1" 304 0
"GET /static/admin/css/changelists.css HTTP/1.1" 304 0
"GET /static/admin/js/vendor/jquery/jquery.js HTTP/1.1" 304 0
"GET /static/admin/css/nav_sidebar.css HTTP/1.1" 304 0
"GET /static/admin/js/jquery.init.js HTTP/1.1" 304 0
"GET /static/admin/css/responsive.css HTTP/1.1" 304 0
(0.000) SELECT "django_session"."session_key", "django_session"."session_data", "django_session"."expire_date" FROM "django_session" WHERE ("django_session"."expire_date" > '2024-10-04 15:04:30.161586' AND "django_session"."session_key" = 'd4162b3guoimfrjdgga8zbyxvqv3hrjb') LIMIT 21; args=('2024-10-04 15:04:30.161586', 'd4162b3guoimfrjdgga8zbyxvqv3hrjb'); alias=default
"GET /static/admin/js/urlify.js HTTP/1.1" 304 0
"GET /static/admin/js/core.js HTTP/1.1" 304 0
"GET /static/admin/js/admin/RelatedObjectLookups.js HTTP/1.1" 304 0
"GET /static/admin/js/actions.js HTTP/1.1" 304 0
(0.000) SELECT "auth_user"."id", "auth_user"."password", "auth_user"."last_login", "auth_user"."is_superuser", "auth_user"."username", "auth_user"."first_name", "auth_user"."last_name", "auth_user"."email", "auth_user"."is_staff", "auth_user"."is_active", "auth_user"."date_joined" FROM "auth_user" WHERE "auth_user"."id" = 1 LIMIT 21; args=(1,); alias=default
"GET /static/admin/js/prepopulate.js HTTP/1.1" 304 0
"GET /static/admin/js/vendor/xregexp/xregexp.js HTTP/1.1" 304 0
"GET /static/admin/img/search.svg HTTP/1.1" 304 0
"GET /admin/jsi18n/ HTTP/1.1" 200 3342
"GET /static/admin/img/icon-yes.svg HTTP/1.1" 304 0
"GET /static/admin/img/icon-no.svg HTTP/1.1" 304 0
"GET /static/admin/js/nav_sidebar.js HTTP/1.1" 304 0
"GET /static/admin/js/filters.js HTTP/1.1" 304 0
"GET /static/admin/img/icon-addlink.svg HTTP/1.1" 304 0
"GET /static/admin/img/tooltag-add.svg HTTP/1.1" 304 0
"GET /static/admin/img/sorting-icons.svg HTTP/1.1" 304 0
"GET /static/admin/img/icon-viewlink.svg HTTP/1.1" 304 0
File C:\Program Files\Python312\Lib\importlib\resources\_legacy.py first seen with mtime 1712667018.0
File D:\Code\Django\MyDjango\.venv\Lib\site-packages\django\contrib\messages\context_processors.py first seen with mtime 1728037747.2756374
File D:\Code\Django\MyDjango\.venv\Lib\site-packages\django\contrib\messages\storage\cookie.py first seen with mtime 1728037747.2816372
File D:\Code\Django\MyDjango\.venv\Lib\site-packages\django\template\context_processors.py first seen with mtime 1728037749.1571448
File D:\Code\Django\MyDjango\.venv\Lib\site-packages\django\contrib\sessions\serializers.py first seen with mtime 1728037747.8051453
File D:\Code\Django\MyDjango\.venv\Lib\site-packages\django\contrib\messages\storage\session.py first seen with mtime 1728037747.2856364
File C:\Program Files\Python312\Lib\zipfile\__init__.py first seen with mtime 1712667018.0
File D:\Code\Django\MyDjango\.venv\Lib\site-packages\django\conf\locale\en\__init__.py first seen with mtime 1728037744.458639
File C:\Program Files\Python312\Lib\importlib\resources\_itertools.py first seen with mtime 1712667018.0
File D:\Code\Django\MyDjango\.venv\Lib\site-packages\django\contrib\auth\context_processors.py first seen with mtime 1728037745.089638
File D:\Code\Django\MyDjango\.venv\Lib\site-packages\django\contrib\messages\storage\fallback.py first seen with mtime 1728037747.2826374
File C:\Program Files\Python312\Lib\importlib\resources\_adapters.py first seen with mtime 1712667018.0
File C:\Program Files\Python312\Lib\zipfile\_path\__init__.py first seen with mtime 1712667018.0
File C:\Program Files\Python312\Lib\zipfile\_path\glob.py first seen with mtime 1712667018.0
File C:\Program Files\Python312\Lib\importlib\resources\__init__.py first seen with mtime 1712667018.0
File C:\Program Files\Python312\Lib\importlib\readers.py first seen with mtime 1712667018.0
File C:\Program Files\Python312\Lib\importlib\resources\readers.py first seen with mtime 1712667018.0
File D:\Code\Django\MyDjango\.venv\Lib\site-packages\django\conf\locale\en\formats.py first seen with mtime 1728037744.458639
File C:\Program Files\Python312\Lib\importlib\resources\_common.py first seen with mtime 1712667018.0
File D:\Code\Django\MyDjango\.venv\Lib\site-packages\django\contrib\staticfiles\storage.py first seen with mtime 1728037748.8651452
File D:\Code\Django\MyDjango\.venv\Lib\site-packages\tzdata\__init__.py first seen with mtime 1728037743.5276377
File C:\Program Files\Python312\Lib\importlib\resources\abc.py first seen with mtime 1712667018.0
File D:\Code\Django\MyDjango\.venv\Lib\site-packages\tzdata\zoneinfo\__init__.py first seen with mtime 1728037743.5456374
(0.000) SELECT "django_session"."session_key", "django_session"."session_data", "django_session"."expire_date" FROM "django_session" WHERE ("django_session"."expire_date" > '2024-10-04 15:04:32.097686' AND "django_session"."session_key" = 'd4162b3guoimfrjdgga8zbyxvqv3hrjb') LIMIT 21; args=('2024-10-04 15:04:32.097686', 'd4162b3guoimfrjdgga8zbyxvqv3hrjb'); alias=default
(0.000) SELECT "auth_user"."id", "auth_user"."password", "auth_user"."last_login", "auth_user"."is_superuser", "auth_user"."username", "auth_user"."first_name", "auth_user"."last_name", "auth_user"."email", "auth_user"."is_staff", "auth_user"."is_active", "auth_user"."date_joined" FROM "auth_user" WHERE "auth_user"."id" = 1 LIMIT 21; args=(1,); alias=default
(0.000) BEGIN; args=None; alias=default
(0.000) SELECT MAX("cms_content_page"."order") AS "order__max" FROM "cms_content_page"; args=(); alias=default
(0.000) SELECT "django_content_type"."id", "django_content_type"."app_label", "django_content_type"."model" FROM "django_content_type" WHERE ("django_content_type"."app_label" = 'cms_content' AND "django_content_type"."model" = 'page') LIMIT 21; args=('cms_content', 'page'); alias=default
(0.000) COMMIT; args=None; alias=default
(0.000) SELECT "cms_content_page"."id", "cms_content_page"."title", "cms_content_page"."slug", "cms_content_page"."content", "cms_content_page"."parent_id", "cms_content_page"."published", "cms_content_page"."order", "cms_content_page"."meta_title", "cms_content_page"."meta_description", "cms_content_page"."meta_keywords" FROM "cms_content_page"; args=(); alias=default
"GET /admin/cms_content/page/add/?_changelist_filters=o%3D4.1.3 HTTP/1.1" 200 15638
"GET /static/admin/css/forms.css HTTP/1.1" 304 0
"GET /static/admin/js/prepopulate_init.js HTTP/1.1" 304 0
(0.000) SELECT "django_session"."session_key", "django_session"."session_data", "django_session"."expire_date" FROM "django_session" WHERE ("django_session"."expire_date" > '2024-10-04 15:04:32.145688' AND "django_session"."session_key" = 'd4162b3guoimfrjdgga8zbyxvqv3hrjb') LIMIT 21; args=('2024-10-04 15:04:32.145688', 'd4162b3guoimfrjdgga8zbyxvqv3hrjb'); alias=default
(0.000) SELECT "auth_user"."id", "auth_user"."password", "auth_user"."last_login", "auth_user"."is_superuser", "auth_user"."username", "auth_user"."first_name", "auth_user"."last_name", "auth_user"."email", "auth_user"."is_staff", "auth_user"."is_active", "auth_user"."date_joined" FROM "auth_user" WHERE "auth_user"."id" = 1 LIMIT 21; args=(1,); alias=default
"GET /admin/jsi18n/ HTTP/1.1" 200 3342
"GET /static/admin/css/widgets.css HTTP/1.1" 304 0
"GET /static/admin/img/icon-changelink.svg HTTP/1.1" 304 0
"GET /static/admin/img/icon-deletelink.svg HTTP/1.1" 304 0
"GET /static/admin/js/change_form.js HTTP/1.1" 304 0
(0.000) SELECT "django_session"."session_key", "django_session"."session_data", "django_session"."expire_date" FROM "django_session" WHERE ("django_session"."expire_date" > '2024-10-04 15:04:35.459323' AND "django_session"."session_key" = 'd4162b3guoimfrjdgga8zbyxvqv3hrjb') LIMIT 21; args=('2024-10-04 15:04:35.459323', 'd4162b3guoimfrjdgga8zbyxvqv3hrjb'); alias=default
(0.000) SELECT "auth_user"."id", "auth_user"."password", "auth_user"."last_login", "auth_user"."is_superuser", "auth_user"."username", "auth_user"."first_name", "auth_user"."last_name", "auth_user"."email", "auth_user"."is_staff", "auth_user"."is_active", "auth_user"."date_joined" FROM "auth_user" WHERE "auth_user"."id" = 1 LIMIT 21; args=(1,); alias=default
(0.000) SELECT COUNT(*) AS "__count" FROM "cms_content_page"; args=(); alias=default
(0.000) SELECT COUNT(*) AS "__count" FROM "cms_content_page"; args=(); alias=default
(0.000) SELECT "cms_content_page"."id", "cms_content_page"."title", "cms_content_page"."slug", "cms_content_page"."content", "cms_content_page"."parent_id", "cms_content_page"."published", "cms_content_page"."order", "cms_content_page"."meta_title", "cms_content_page"."meta_description", "cms_content_page"."meta_keywords" FROM "cms_content_page" ORDER BY "cms_content_page"."order" ASC, "cms_content_page"."title" ASC, "cms_content_page"."published" ASC; args=(); alias=default
"GET /admin/cms_content/page/?o=4.1.3 HTTP/1.1" 200 14422
